18.136695973004400
17.055171190995129
13.306122312766785
10.921067530133556
9.777240952801478
6.996197033107124
6.515544628031590
6.331592223669628
5.618033988749895
5.378595077669425
4.580792668029518
4.480007671029979
4.275876820141814
3.472187399726445
3.381966011250104
3.376154092871073
3.242067477421743
3.013962966251618
2.749157175276659
2.487091734464515
2.000000000000000
2.000000000000000
2.000000000000000
2.000000000000000
2.000000000000000
1.955050447337369
1.826055209825464
1.761898621144033
1.599283075429581
1.259404110121709
1.125010718244667
0.909247663803314
0.468525226701391
-nan
