1.512398130714875666e-01
-5.671492990180784094e-02
3.875520209956869189e-01
-5.198868574332385362e-02
-3.733732885202349361e-01
-2.883008936675232059e-01
-3.780995326787189165e-02
-2.268597196072313638e-01
-4.111832417881068347e-01
-8.979863901119575220e-02
-1.985022546563274259e-01
-2.079547429732954145e-01
2.268597196072313638e-01
-2.977533819844911944e-01
8.507239485271175794e-02
4.726244158483986629e-02
1.417873247545196058e-01
-5.198868574332385362e-02
-3.355633352523630375e-01
2.835746495090392047e-02
