-9.120925195986139267e-01
9.253621561327347866e-02
1.489510634263497280e-01
1.242634552153312061e-01
8.173093582959120584e-02
1.531081373126266104e-02
8.665729850799608336e-02
-1.427906421111685698e-01
9.277490786691262870e-02
7.350415427497300480e-02
8.160850081448543791e-02
1.706842781495148190e-02
2.941560970871575156e-02
1.093081991252546903e-01
8.708148857884898120e-02
1.112261671375607969e-01
1.012421079923580547e-01
9.359217693082146072e-02
-2.861367191903775500e-03
1.197349591907202471e-01
