-9.870375912545287234e-01
-4.034034351601108181e-02
3.889365244939694405e-02
5.639577051365615712e-02
9.727380901527110657e-03
5.564012430305773776e-02
2.496580272536349024e-02
2.726945539830882489e-02
2.531954235830147400e-03
4.655398742303191832e-03
1.457496304846715718e-02
4.786519785787175102e-02
6.185100239791984679e-03
3.167754925838844188e-02
3.053806590883319325e-03
3.919101708679786217e-02
3.666913841981639388e-02
2.099724634723792657e-02
8.708040460123341042e-02
1.979418614192434214e-02
