-9.508075294840879765e-01
-1.710998382903691425e-02
4.813109854440531660e-02
6.975800260408862585e-02
-9.337863088988535357e-03
6.885517353763495607e-02
3.118948664422901279e-02
3.374620576870279720e-02
3.133700130113504720e-03
-2.518614412772363642e-01
3.056944479867466577e-02
7.115661595757097335e-02
7.678592010104238336e-03
3.990163551069601106e-02
1.803532719500994252e-02
4.849924971143845798e-02
4.541343238882328964e-02
2.589794974979929554e-02
6.668030301337392329e-02
2.449549023890688557e-02
