-9.186129175160744342e-01
9.193781612671259040e-02
1.434519607327868485e-01
1.196131860516658901e-01
7.475761798668666136e-02
1.302436882674309904e-02
8.345801027129061411e-02
-1.268360595943656133e-01
9.765843461511611312e-02
7.076001164079918915e-02
7.860475472706775213e-02
1.643828103778324085e-02
2.794696966997365153e-02
1.046328733022784396e-01
8.386654518039703132e-02
1.076979853735492987e-01
9.751078913666677561e-02
9.916955216772345427e-02
2.489256681208492847e-03
1.153137304719990958e-01
