-9.628602473220627678e-01
-2.208249452795319270e-02
4.640939096404665676e-02
6.728542907480683510e-02
-2.241831610607021227e-03
6.639193496830032848e-02
2.988020831786793868e-02
3.253896234243297547e-02
3.021260020378511817e-03
-2.056860586912656330e-01
2.452795277340214658e-02
6.302883310401809214e-02
7.384263214489593039e-03
3.801334214344656570e-02
1.533349257604912572e-02
4.676422798042604440e-02
4.376220660972560128e-02
2.503702242811064321e-02
7.385989879977805650e-02
2.361918373737398325e-02
