-9.673070103593237601e-01
-2.428441812229557503e-02
4.559399583081141794e-02
6.610716346174951019e-02
2.745738048096443449e-04
6.522544366165992924e-02
2.931649925125347916e-02
3.196726012110640003e-02
2.968153390510744252e-03
-1.855058930564432718e-01
2.246213979827184695e-02
6.026954668992910019e-02
7.252221775112786990e-03
3.725323822832077303e-02
1.414734685270758671e-02
4.594259105380045505e-02
4.298950546055572280e-02
2.460651552943622991e-02
7.642745288628657874e-02
2.320420001213873221e-02
