-2.764517367890055310e-01
9.515869639065286378e-01
-2.572038973001368467e-02
-2.931779752005153269e-02
3.590764591807041328e-02
-2.634457390354344800e-02
-8.851255863655906053e-03
8.319585274851225287e-02
-3.010473143498123422e-02
-3.345912939575047124e-02
-1.162855729001995367e-02
-3.158080561820612170e-02
1.327094840270862976e-02
-4.003383970639525641e-02
-1.331504172098338899e-02
-2.534904928788296423e-04
-4.082449239034024319e-02
-1.768383614863893588e-02
-2.139442700699822897e-02
-8.287578009455282783e-04
