-9.276046696676153447e-01
9.111054707750190773e-02
1.358578367012690524e-01
1.132615323883341407e-01
6.788420519171514678e-02
1.129463008608791279e-02
7.903987281119545516e-02
-9.832290340812190055e-02
9.861279138131745503e-02
6.700670297077945814e-02
7.444522840767624217e-02
1.556806396732927054e-02
2.631675705449504354e-02
9.826904143985160101e-02
7.942678064057152876e-02
1.022243858330273009e-01
9.234934401063221721e-02
1.080164530104240211e-01
9.118575446259807177e-03
1.092091276181587634e-01
