-9.763392890095856647e-01
-2.961676842660716097e-02
4.351613693548502665e-02
6.309785241475082684e-02
5.134582663376135656e-03
6.225291578502300388e-02
2.794132299773857339e-02
3.051041189570217332e-02
2.832875586314293013e-03
-1.352452620600320399e-01
1.859563798057215292e-02
5.499307239223326371e-02
6.920298099223502752e-03
3.546229459503506820e-02
1.118913401052748675e-02
4.384884320072856417e-02
4.102753938281769597e-02
2.349201946179771752e-02
8.153354572632266761e-02
2.214671189831555684e-02
