-2.755965198115795656e-01
9.569612521176341646e-01
-1.926514895902530292e-02
-1.949402434295994732e-02
-2.294475943188869702e-02
-3.556895440809654252e-02
-6.553682374076418189e-03
5.127441443603433791e-02
-2.177250688451400421e-02
-2.418722763185448751e-02
-8.601660398132893529e-03
-2.283577406992308434e-02
-1.693850973187813972e-03
-2.678534997189024706e-03
-8.555080659944770335e-03
-1.837055038827769106e-04
-3.003611135916595468e-02
-1.275276162679461235e-02
-1.593663665024244724e-02
-5.992667232823689931e-04
