-9.799286548574552835e-01
-3.221230825658147334e-02
4.245675062226805796e-02
6.156213066951726071e-02
6.926370799026197907e-03
6.073738858390746037e-02
2.725548755324778624e-02
2.976764573668637046e-02
2.763909888132933673e-03
-1.090792797961354782e-01
1.720194626512418570e-02
5.295782799948262759e-02
6.751741843437667270e-03
3.458560852109066053e-02
9.650974671842461536e-03
4.278135722404532992e-02
4.002850661160482076e-02
2.292068197483635925e-02
8.353274190823727074e-02
2.160755732420577280e-02
