-6.653794822197817149e-01
-2.296298073006561996e-02
-8.872084342189331951e-02
1.791394980036889462e-02
-1.320737871601414537e-01
1.167120624842537917e-02
9.931253304463819043e-02
-1.525182466317311775e-02
4.719218500484174267e-02
-5.130980107714477878e-01
1.661636762047020988e-01
3.298527545260941385e-01
1.676344282242298311e-01
2.163155964634083384e-01
3.080255257019430884e-02
1.863976318836868193e-02
9.858618949620605310e-02
-1.619587896831362339e-01
-8.251122177477521191e-02
4.172052898941124542e-03
