-9.334118574042253869e-01
9.054474459447711676e-02
1.307890571215353237e-01
1.090345594913293831e-01
6.463123929414990587e-02
1.068257624784036026e-02
7.609093955112096463e-02
-7.437109469879572832e-02
9.644634766873962095e-02
6.450641071797934278e-02
7.166776293389094665e-02
1.498722824485934635e-02
2.532076335366425721e-02
9.415250301702121627e-02
7.646341206676260382e-02
9.843180143902213741e-02
8.890384702909989723e-02
1.138403150501471200e-01
1.246888454628052902e-02
1.051345958015566656e-01
