-9.823116317692908162e-01
-3.419404869618962450e-02
4.162663464414966680e-02
6.035856036260485447e-02
8.042511660596973408e-03
5.954984888448323910e-02
2.672087032282662034e-02
2.918562761086793828e-02
2.709869795307285039e-03
-8.769591476329834101e-02
1.632739438128943607e-02
5.157613058843886489e-02
6.619717992428496810e-03
3.390530034645202612e-02
8.396994085631723573e-03
4.194489452317338996e-02
3.924582059867420814e-02
2.247265214984359508e-02
8.485332227138632499e-02
2.118508555305560412e-02
