-9.355472355188702016e-01
9.032134867663800526e-02
1.288452675586063134e-01
1.074140217484499116e-01
6.355177070679481066e-02
1.049930806594259226e-02
7.496007449720827609e-02
-6.396422783684714564e-02
9.526272571859589755e-02
6.354770433698038457e-02
7.060263621810614065e-02
1.476448776120770079e-02
2.494342901526690193e-02
9.261254254311546141e-02
7.532701131892939606e-02
9.697044215251772459e-02
8.758255632936400026e-02
1.158616482804239733e-01
1.343672913164931267e-02
1.035720833473612185e-01
