-2.753919491141282871e-01
9.590298448322069902e-01
-1.663152498529381351e-02
-1.747901203367568240e-02
4.383641077379932943e-03
-2.279855935591135196e-02
-5.693135678598983639e-03
2.270271733361009167e-02
-1.900151987161865022e-02
-2.111004664929133981e-02
-7.572875133419874720e-03
-1.992989214943704027e-02
-1.660277102712469019e-02
-1.311407329547978687e-02
-6.966070999303060861e-03
-1.602992633215925356e-04
-2.607300564360609182e-02
-1.113453578711248032e-02
-1.380634394156156006e-02
-5.230092541288355488e-04
