-2.751456867593087829e-01
9.593203251988652314e-01
-1.565467547992535971e-02
-1.632967489867228131e-02
-7.485409218085667740e-03
-2.533173306705809383e-02
-5.349269474987326627e-03
1.928360357745170089e-02
-1.784662174231882795e-02
-1.982696135563175727e-02
-7.114783214266640413e-03
-1.871855594295126005e-02
-1.686216328363249889e-02
-8.420204576453102843e-03
-6.520446981639428652e-03
-1.505567538801694586e-04
-2.451462101071797892e-02
-1.045755195651971135e-02
-1.298010255077555915e-02
-4.912208208998438720e-04
