-9.380684517539601419e-01
9.004028311230924397e-02
1.264601046877235624e-01
1.054255719967521210e-01
6.230003719516165328e-02
1.029191805052868600e-02
7.357242565393184996e-02
-5.010641935358984417e-02
9.365733565057780818e-02
6.237131695729524611e-02
6.929565174951203554e-02
1.449116993834225452e-02
2.448131247559058241e-02
9.075562227645282698e-02
7.393256980022365477e-02
9.517589663752486218e-02
8.596124213627184818e-02
1.180659355103296365e-01
1.435613109579867569e-02
1.016547735974721034e-01
