-9.853239833458955488e-01
-3.727879514812536266e-02
4.029305812951686910e-02
5.842490681121908364e-02
9.299087975037735598e-03
5.764207323530552013e-02
2.586411884613505630e-02
2.825061886265109456e-02
2.623054734664913203e-03
-5.004967622115628206e-02
1.527269078656340144e-02
4.964597959524692794e-02
6.407642092259164569e-03
3.281740970071709423e-02
6.200200232480899444e-03
4.060112203881550974e-02
3.798850562287640203e-02
2.175273322286352604e-02
8.649985345832836292e-02
2.050638709955881350e-02
