-9.856363811188836310e-01
-3.767346356316809280e-02
4.011809775012952634e-02
5.817121488571407734e-02
9.410807323630962506e-03
5.739178002178193377e-02
2.575179447485403950e-02
2.812794912191679195e-02
2.611664915351241071e-03
-4.459541492296153348e-02
1.516383492955584132e-02
4.941310008756118199e-02
6.379818834457266948e-03
3.267486889522643739e-02
5.883478289529905404e-03
4.042482398537330240e-02
3.782355193925238113e-02
2.165827888521476216e-02
8.666427806663344613e-02
2.041734433553548181e-02
