-9.858910280824831895e-01
-3.801574746843815189e-02
3.996539179884762288e-02
5.794979161157437497e-02
9.497060502424254855e-03
5.717332334373665531e-02
2.565376305184220371e-02
2.802088259909647078e-02
2.601723846413725363e-03
-3.968213348939068907e-02
1.507412676095532152e-02
4.921287164676546588e-02
6.355534618132134377e-03
3.255047225495402707e-02
5.598587626969083776e-03
4.027095050810777094e-02
3.767957991540542284e-02
2.157583872155692528e-02
8.679539096047371449e-02
2.033962754026698294e-02
