-2.750444052673451378e-01
9.596146814955531790e-01
-1.507095439540627295e-02
-1.577486088052510241e-02
-3.209305709373138976e-04
-2.208347790585723711e-02
-5.154132643039674964e-03
8.472466753096371400e-03
-1.719828951751881455e-02
-1.910669767287723891e-02
-6.859745732906143319e-03
-1.803855200047755833e-02
-2.088808025266432333e-02
-1.019237406765894152e-02
-6.241218172698177573e-03
-1.450872249496875819e-04
-2.361243079286796248e-02
-1.007773099715019577e-02
-1.250332415637615477e-02
-4.733758495326570578e-04
