-7.529138859847959164e-01
-3.116058060385822059e-02
-3.608439600271844561e-03
2.967247968030129260e-02
-1.185307001889945450e-01
4.054064359390370520e-02
6.940143840447687840e-02
1.868317411212710652e-02
1.730632155142482545e-02
-5.222012418667558720e-01
1.430009565259792448e-01
2.698543581047205264e-01
7.848998283923436237e-02
1.442328580002016358e-01
3.140708725415329583e-02
2.858648370482548204e-02
6.439046928431350902e-02
-7.428925814581088805e-02
-7.422352737025181280e-02
1.384525318241522883e-02
