-2.749683039089424463e-01
9.596834181859414947e-01
-1.477910124578734295e-02
-1.545989031127770717e-02
-3.429112194849598481e-03
-2.270389710336579228e-02
-5.053482709161871353e-03
7.181031282217936566e-03
-1.686223605575186413e-02
-1.873335376167272956e-02
-6.725821168491850563e-03
-1.768607975903980362e-02
-2.091130626444682658e-02
-9.282559389335646310e-03
-6.117348832067727969e-03
-1.422522310739705788e-04
-2.315308305376460873e-02
-9.880809059203802397e-03
-1.225962839117863447e-02
-4.641261133718572931e-04
