-9.414166518846504017e-01
8.962203089533839206e-02
1.230581742375220222e-01
1.025894934190259289e-01
6.058942818919157286e-02
1.001050046179288722e-02
7.159323802202725850e-02
-2.779508225303615673e-02
9.121064152678681758e-02
6.069345251035820898e-02
6.743151454346697771e-02
1.410133986193968375e-02
2.382266433110129256e-02
8.817183088845205463e-02
7.194369385325118105e-02
9.261565681390597493e-02
8.364878029014685690e-02
1.204553649665451032e-01
1.513695210457494458e-02
9.892013668913574032e-02
