-9.418184199177357385e-01
8.956672346134744722e-02
1.226232891248630330e-01
1.022269441914957083e-01
6.037389080028104926e-02
9.974990822972089333e-03
7.134022895882813353e-02
-2.467838743566434789e-02
9.089127810179098432e-02
6.047896306876381772e-02
6.719321292736585294e-02
1.405150601049097100e-02
2.373847458358522775e-02
8.784701427521093842e-02
7.168944628619329518e-02
9.228835635209155230e-02
8.335316718304804084e-02
1.206770879515200873e-01
1.519182824749007454e-02
9.857055491567902339e-02
