-2.749601823184456562e-01
9.597112149001685300e-01
-1.472855897385705153e-02
-1.541182673179848639e-02
-1.306445407421527117e-03
-2.191521296326416623e-02
-5.036631053752890774e-03
4.350757473051460218e-03
-1.680609195848145609e-02
-1.867097973079058157e-02
-6.703567972716933596e-03
-1.762719264752551571e-02
-2.176858061501660280e-02
-9.688578472987463205e-03
-6.094258992481870960e-03
-1.417785911472398662e-04
-2.307496036810955525e-02
-9.847911564102067999e-03
-1.221852432950977160e-02
-4.625807711271548938e-04
