-2.749269549820481107e-01
9.597387373743904160e-01
-1.460260494760936244e-02
-1.527832501327129090e-02
-2.578795457561893368e-03
-2.216063022073301234e-02
-4.993403257361791157e-03
3.676278149891765937e-03
-1.666183172336786755e-02
-1.851071164911075040e-02
-6.646041105423599639e-03
-1.747588423893786658e-02
-2.176915646115577460e-02
-9.379127727314390262e-03
-6.041593622370069160e-03
-1.405615912229536083e-04
-2.287725558436177684e-02
-9.763378767036739320e-03
-1.211372359158525633e-02
-4.586100673558812096e-04
