-2.749380962226069536e-01
9.597332734749510763e-01
-1.464141809315218368e-02
-1.532004975581972156e-02
-1.552394217614223859e-03
-2.187099408670453715e-02
-5.006778255752712334e-03
3.101426404895930161e-03
-1.670647147812368699e-02
-1.856030485883995371e-02
-6.663856351145125249e-03
-1.752270497463986540e-02
-2.198625011528152970e-02
-9.575068459460819165e-03
-6.057542724301496345e-03
-1.409381785629913904e-04
-2.293830780296751692e-02
-9.789536562799548008e-03
-1.214612945864175855e-02
-4.598387583028089570e-04
