-9.867993098406074859e-01
-3.954409170718728439e-02
3.926994064733339146e-02
5.694138815259214975e-02
9.737811690815514898e-03
5.617843121918491417e-02
2.520734190085586329e-02
2.753328184772465756e-02
2.556450379459178964e-03
-1.444338647993197861e-02
1.472574594689873839e-02
4.832994080775285251e-02
6.244939829977726869e-03
3.198402335606737729e-02
4.142724887943011192e-03
3.957018222728124479e-02
3.702390489583319566e-02
2.120039044620020824e-02
8.719079144766794798e-02
1.998569087763035074e-02
