-9.868407529390653687e-01
-3.964133778556961502e-02
3.922471831145455529e-02
5.687581579575986396e-02
9.743235084897366310e-03
5.611373746503450083e-02
2.517831367729537681e-02
2.750157517083542252e-02
2.553506431599524874e-03
-1.253276627228763936e-02
1.470635636549597926e-02
4.827379007744440897e-02
6.237748304807427119e-03
3.194719120522881289e-02
4.033145499357458294e-03
3.952461414029229125e-02
3.698126904161953138e-02
2.117597657753651774e-02
8.719933779793921647e-02
1.996267582818692793e-02
