-2.749094014380359385e-01
9.597580374022279814e-01
-1.453152502508817806e-02
-1.520450717190796608e-02
-2.230633664951459007e-03
-2.193962929945313459e-02
-4.969147756968523601e-03
1.846484143676939502e-03
-1.658090282701261617e-02
-1.842080248231557291e-02
-6.613780584880055505e-03
-1.739100137454542908e-02
-2.212211298499583076e-02
-9.399720005725647684e-03
-6.011699241868824137e-03
-1.398788634955983122e-04
-2.276601906103964401e-02
-9.715956714897560839e-03
-1.205485916912718905e-02
-4.563825327931585185e-04
