-2.749142066391001005e-01
9.597552520734632386e-01
-1.454871565837983875e-02
-1.522269289332640017e-02
-1.810385340402065335e-03
-2.182283092972924984e-02
-4.975044798537046897e-03
1.546436809983503871e-03
-1.660058085605486608e-02
-1.844266408379451397e-02
-6.621630961773118489e-03
-1.741164081951607559e-02
-2.221292161103760252e-02
-9.464875891292906865e-03
-6.018791676558729077e-03
-1.400448701581553587e-04
-2.279299477254161099e-02
-9.727487510394098452e-03
-1.206915942598253341e-02
-4.569241624537101975e-04
