-8.038363580599082736e-01
-2.061058443385681976e-02
2.883706631185713534e-02
4.764820502642574257e-02
-9.823225804684576623e-02
5.381384291861639885e-02
5.386045162101494449e-02
2.631100743949518067e-02
7.386767899769115797e-03
-5.012105352943809766e-01
1.198975472582366614e-01
2.211278148952222078e-01
3.754472587529703032e-02
1.013623640902859419e-01
3.094370279639531776e-02
3.784664621239418325e-02
5.312612174432920775e-02
-2.304452732569810952e-02
-4.303418589114350185e-02
1.905181355611000604e-02
