-9.440348552246780045e-01
8.922838860315573939e-02
1.200510873413284108e-01
1.000825853783826186e-01
5.910437909892336111e-02
9.765514894148306924e-03
6.984376392779464982e-02
-4.640027706579896716e-03
8.899117364864345125e-02
5.921032888110733250e-02
6.578373758736946741e-02
1.375675524104513943e-02
2.324052444982032187e-02
8.595003775720952421e-02
7.018565591395668768e-02
9.035247557309687705e-02
8.160471330596130723e-02
1.214634920909640758e-01
1.531795921452607477e-02
9.650289420483368352e-02
