-9.442206025054666885e-01
8.919646906318680346e-02
1.198169494985718009e-01
9.988739247207957528e-02
5.898904922083641339e-02
9.746466264949753613e-03
6.970754635094286722e-02
-2.655871463232799528e-03
8.881773333895184863e-02
5.909484988811976314e-02
6.565543835453219179e-02
1.372992518838338054e-02
2.319519802340478526e-02
8.577930656568726053e-02
7.004877153887868746e-02
9.017625948538503244e-02
8.144555813331463834e-02
1.214821799925888124e-01
1.531350823376517734e-02
9.631468283607991232e-02
