-9.443916783449732844e-01
8.916637952979533654e-02
1.195977043240505910e-01
9.970461508633278458e-02
5.888106874498132137e-02
9.728630047135502362e-03
6.957999308548988571e-02
-7.694872362204886046e-04
8.865529620769292685e-02
5.898671609960907253e-02
6.553529977563707365e-02
1.370480169912173876e-02
2.315275465004213926e-02
8.561970608611964295e-02
6.992059388784259422e-02
9.001125186833161540e-02
8.129652625024930135e-02
1.214902293884104062e-01
1.530711779013565338e-02
9.613844291730611058e-02
