-9.445493506709876641e-01
8.913800488645090558e-02
1.193922889757843553e-01
9.953336716524009697e-02
5.877990919938524961e-02
9.711919443662798621e-03
6.946048578731224554e-02
1.023849861300700752e-03
8.850308532884658408e-02
5.888540331188304305e-02
6.542273945097842880e-02
1.368126298130223351e-02
2.311298857474301804e-02
8.547040500201831537e-02
6.980050158987058384e-02
8.985665281043815622e-02
8.115689519004701258e-02
1.214891379009115230e-01
1.529922923793080453e-02
9.597332008451225915e-02
