-9.446947704221453357e-01
8.911123810991454508e-02
1.191997255063196731e-01
9.937283342663869035e-02
5.868508546963049910e-02
9.696254682376937578e-03
6.934845550253714019e-02
2.728647759430484921e-03
8.836038342673491197e-02
5.879042919203119472e-02
6.531722150004008742e-02
1.365919697110225262e-02
2.307571047752664251e-02
8.533064332780557204e-02
6.968792290600558936e-02
8.971172629266513376e-02
8.102600019303471401e-02
1.214802325931692295e-01
1.529020826656391635e-02
9.581852821604187886e-02
