-9.448289828874654184e-01
8.908597963995548707e-02
1.190191134373295573e-01
9.922226317179400068e-02
5.859615167480030501e-02
9.681562370295666853e-03
6.924337834756570664e-02
4.349205918508993775e-03
8.822652835538256910e-02
5.870134961564718590e-02
6.521825249263928093e-02
1.363850048195166739e-02
2.304074603577043953e-02
8.519972551346559342e-02
6.958233138818781249e-02
8.957579460021815321e-02
8.090322915916953184e-02
1.214646878768824850e-01
1.528035689905195282e-02
9.567334346368462639e-02
