-9.869995660270772797e-01
-4.011606315963949648e-02
3.900137096283211313e-02
5.655196228740709541e-02
9.745335075296379310e-03
5.579422326522312514e-02
2.503494714859517620e-02
2.734497993798825147e-02
2.538966648632579644e-03
-1.993123038639756182e-03
1.461587980762911639e-02
4.799781046296515419e-02
6.202230279305367446e-03
3.176528230282063547e-02
3.430891035912471496e-03
3.929955917103884755e-02
3.677069599620166190e-02
2.105539959385565457e-02
8.717744256216045096e-02
1.984900743464405176e-02
