-9.450674989557702466e-01
8.903962327838142732e-02
1.186904891922268418e-01
9.894830010493239902e-02
5.843434509914612052e-02
9.654830031801521148e-03
6.905219012341703988e-02
7.353808547208368768e-03
8.798296023627474871e-02
5.853926903760531264e-02
6.503817806279911518e-02
1.360084315284062519e-02
2.297712812101735877e-02
8.496192513108950795e-02
6.939020727917258324e-02
8.932846644451836182e-02
8.067984686500716263e-02
1.214177096930675742e-01
1.525911209067493807e-02
9.540917933605685963e-02
