-2.748982011600942243e-01
9.597684250101493619e-01
-1.448791063995795263e-02
-1.515899143307067494e-02
-2.015070904151468854e-03
-2.180328182746187754e-02
-4.954244602539712578e-03
2.414026006066254321e-04
-1.653117504361059989e-02
-1.836555665625532949e-02
-6.593948201103357575e-03
-1.733884402475574169e-02
-2.234121967099229888e-02
-9.400536766120798013e-03
-5.993551418816167251e-03
-1.394593528152887380e-04
-2.269771603574608290e-02
-9.686817595294416536e-03
-1.201870153470367165e-02
-4.550137960028987835e-04
