-9.452715104273338165e-01
8.899826781276785892e-02
1.184005212984001049e-01
9.870656354815775246e-02
5.829157846221362516e-02
9.631242486132734690e-03
6.888349153374502543e-02
1.006819778529266345e-02
8.776802960675403331e-02
5.839625413671040849e-02
6.487928594229687429e-02
1.356761548759012441e-02
2.292099363623372604e-02
8.475250972292885931e-02
6.922068289357199977e-02
8.911023171120721620e-02
8.048274122133738939e-02
1.213551187673385379e-01
1.523698621661975956e-02
9.517608906090421761e-02
