-1.994381273003747734e-01
6.084374541064154762e-01
-1.367156000413300432e-01
3.665667634299767802e-02
-3.127174779156553508e-01
-2.322336223045396164e-01
-1.105586564819634604e-01
3.251069170699874555e-01
-1.203891813655441761e-01
-7.477008852547677165e-02
2.922121028115761548e-02
-1.043384618731020563e-01
2.769488984577565538e-01
2.981534482335341796e-01
-2.150640423066604578e-01
-8.930348674926874217e-03
-1.746596293001631828e-01
-4.041371936207109432e-03
-1.614548461350261976e-01
-2.839848823074015913e-03
