-9.453623264891755085e-01
8.897928084640262247e-02
1.182684328941464719e-01
9.859644585335819444e-02
5.822654566279184679e-02
9.620497750886622401e-03
6.880664465523188278e-02
1.132532879082706785e-02
8.767011990469089633e-02
5.833110688956385376e-02
6.480690618201158382e-02
1.355247936606270714e-02
2.289542282419277167e-02
8.465723632908553342e-02
6.914345984214882723e-02
8.901081974767219296e-02
8.039295414319530542e-02
1.213196920316241267e-01
1.522591430916628644e-02
9.506990998678112315e-02
