-9.870211992938803247e-01
-4.021809549065683692e-02
3.895262401399353369e-02
5.648127924359984398e-02
9.739185123241263578e-03
5.572448730261836403e-02
2.500365652298580654e-02
2.731080205384926393e-02
2.535793250511736516e-03
7.381537260304788656e-04
1.459719261071946300e-02
4.793778017978655298e-02
6.194478249193435641e-03
3.172557958019853880e-02
3.275598396011966933e-03
3.925043952337017167e-02
3.672473711854592343e-02
2.102908291673798516e-02
8.714849530912528730e-02
1.982419860033831846e-02
