-2.748973751472825189e-01
9.597690862531326195e-01
-1.448478723806849444e-02
-1.515572468730273965e-02
-1.999757908093641959e-03
-2.179355652080904385e-02
-4.953176658949030864e-03
5.330889107212740589e-05
-1.652761156283592131e-02
-1.836159775388527399e-02
-6.592526817333241480e-03
-1.733510644184501487e-02
-2.235673742920704296e-02
-9.399697069428003537e-03
-5.992258113311780404e-03
-1.394292907827173725e-04
-2.269282300145746348e-02
-9.684729492778760065e-03
-1.201611074761394990e-02
-4.549157126597614623e-04
