-9.455969892109841179e-01
8.892831055303197785e-02
1.179171785352078894e-01
9.830361681576663124e-02
5.805361067544236031e-02
9.591925030047292189e-03
6.860229060007397295e-02
1.473464260516765649e-02
8.740974928232084218e-02
5.815786492587765588e-02
6.461443125249145825e-02
1.351222883314141809e-02
2.282742397722797856e-02
8.440422588689987238e-02
6.893810545410693214e-02
8.874645978567428928e-02
8.015418903166277032e-02
1.212032487929617236e-01
1.519365071279457635e-02
9.478755467463587103e-02
