-9.870274167462174120e-01
-4.025481276947195930e-02
3.893498879340089730e-02
5.645570818532000962e-02
9.736211545667179668e-03
5.569925887062261716e-02
2.499233648974096347e-02
2.729843749482473853e-02
2.534645207870655018e-03
1.805642801411324553e-03
1.459050849064443510e-02
4.791607189814735268e-02
6.191673791389988232e-03
3.171121629635161032e-02
3.215024641370008238e-03
3.923266947123957293e-02
3.670811054057625256e-02
2.101956231253006291e-02
8.713369357495040490e-02
1.981522348956622770e-02
