-9.457267785312678532e-01
8.889875990365590785e-02
1.177158207289987490e-01
9.813575153209606883e-02
5.795447618126176037e-02
9.575545644093769182e-03
6.848514391366453125e-02
1.673462741693569275e-02
8.726048858934135066e-02
5.805855335617464419e-02
6.450409431695694473e-02
1.348915507248469627e-02
2.278844339720654394e-02
8.425939630645246092e-02
6.882038532332625247e-02
8.859491450047707328e-02
8.001731608522377748e-02
1.211211886792742526e-01
1.517343759258555670e-02
9.462569349119928641e-02
