-9.457849133526848862e-01
8.888516321702921719e-02
1.176237512970896848e-01
9.805899631909600900e-02
5.790914779664490392e-02
9.568056289197129916e-03
6.843157942033394059e-02
1.766068742193197677e-02
8.719223985501885210e-02
5.801314384374154504e-02
6.445364353402233126e-02
1.347860475871407761e-02
2.277061980285240844e-02
8.419322091827093069e-02
6.876655862661512630e-02
8.852562149128358204e-02
7.995473189909457767e-02
1.210797723048614577e-01
1.516381069972656467e-02
9.455168361054107351e-02
