-9.870311420221374865e-01
-4.028024437999713075e-02
3.892273950594105775e-02
5.643794672654625644e-02
9.733883735836749637e-03
5.568173539740867151e-02
2.498447368244318539e-02
2.728984916801532531e-02
2.533847786355404065e-03
2.583921775125151005e-03
1.458588634746737882e-02
4.790099531141801120e-02
6.189725836748707737e-03
3.170123967079412075e-02
3.170913640607288600e-03
3.922032653083910164e-02
3.669656184846014496e-02
2.101294937468096286e-02
8.712142637665599987e-02
1.980898944722727165e-02
