-9.870320263115753834e-01
-4.028687020566143473e-02
3.891954300864156058e-02
5.643331180756084448e-02
9.733238675105112397e-03
5.567716258164370075e-02
2.498242185352068587e-02
2.728760801206699463e-02
2.533639696233557208e-03
2.793294265570911601e-03
1.458468268355564597e-02
4.789706120479360341e-02
6.189217510711720639e-03
3.169863623310451017e-02
3.159055318164516023e-03
3.921710559445506367e-02
3.669354817413151421e-02
2.101122370385759969e-02
8.711788829702490911e-02
1.980736265060202908e-02
