-9.459363111482280706e-01
8.884856908795035757e-02
1.173778060459784306e-01
9.785395997050597150e-02
5.778806230848312908e-02
9.548049966768343624e-03
6.828849248594461019e-02
2.017151714495317785e-02
8.700992622166334178e-02
5.789184132555909995e-02
6.431887426022170340e-02
1.345042168518126302e-02
2.272300760086360880e-02
8.401657961825544085e-02
6.862277126782936887e-02
8.834051894211934763e-02
7.978755064192834257e-02
1.209566614261814721e-01
1.513700286970456194e-02
9.435398087353301377e-02
