-2.220460839071269343e-01
6.961064765656242992e-01
-4.354540789665921341e-02
-1.785156814240223266e-01
2.628430772815682492e-01
-2.850662650743690171e-02
2.311307843923566044e-02
3.145737383931165865e-01
-8.087963042065886288e-02
-1.200628999254708118e-01
1.033573600529895734e-02
-9.634370211669442130e-02
2.500692347596306098e-01
-3.548396801548539536e-01
-1.658131661645039223e-01
2.910936520126061831e-03
-9.746560920730962252e-02
-8.453062992869050940e-02
-5.670475700611586449e-03
-2.513666470295535058e-03
