-2.748968841111517625e-01
9.597694628135267081e-01
-1.448294498053120591e-02
-1.515379737643469775e-02
-1.990911249338423328e-03
-2.178788268782239773e-02
-4.952546712359374992e-03
-9.613768363182200046e-05
-1.652550957605995741e-02
-1.835926252017545252e-02
-6.591688380059254095e-03
-1.733290175761934351e-02
-2.236563667560551028e-02
-9.398995980224505997e-03
-5.991495736640297699e-03
-1.394115581221757650e-04
-2.268993686095359050e-02
-9.683497785871783559e-03
-1.201458253187589337e-02
-4.548578563380204854e-04
