-9.870339704634726319e-01
-4.030260333633552128e-02
3.891194362367449838e-02
5.642229270434843957e-02
9.731639422638415846e-03
5.566629112325483658e-02
2.497754381471538679e-02
2.728227986527790791e-02
2.533144980675996766e-03
3.303978441481019226e-03
1.458182481822097552e-02
4.788770845444386554e-02
6.188009011256875164e-03
3.169244679404487758e-02
3.130148266230017330e-03
3.920944810776155059e-02
3.668638343434202365e-02
2.100712107661146036e-02
8.710878645296238343e-02
1.980349508787317483e-02
