-9.870344413727675237e-01
-4.030672375223705306e-02
3.890995111475191448e-02
5.641940356771899673e-02
9.731204330294548899e-03
5.566344069813029816e-02
2.497626482491737548e-02
2.728088286011708455e-02
2.533015269499783173e-03
3.441360795810786705e-03
1.458107630869040494e-02
4.788525626955238146e-02
6.187692150621817815e-03
3.169082396369676119e-02
3.122376213294821966e-03
3.920744036494716589e-02
3.668450488653580283e-02
2.100604539464122691e-02
8.710621432775275674e-02
1.980248103827847092e-02
