-9.870348460689148951e-01
-4.031038811519634113e-02
3.890817830155882812e-02
5.641683298975305738e-02
9.730811536680384830e-03
5.566090456330576725e-02
2.497512685762295209e-02
2.727963988993418673e-02
2.532899860388246674e-03
3.565007434334883409e-03
1.458041058743826321e-02
4.788307447730408978e-02
6.187410227310037938e-03
3.168938006800391116e-02
3.115382966906769368e-03
3.920565399756414243e-02
3.668283346900939185e-02
2.100508831828046610e-02
8.710385074155323204e-02
1.980157879865505899e-02
