-9.461278411844588065e-01
8.879938298687818643e-02
1.170516011443146071e-01
9.758201382953712866e-02
5.762746320335872252e-02
9.521514959556902705e-03
6.809871179633601723e-02
2.358897719784687139e-02
8.676811714059728953e-02
5.773095399052623894e-02
6.414012554477062367e-02
1.341304159067316544e-02
2.265985804380803506e-02
8.378255963836989118e-02
6.843206158337204748e-02
8.809501162463599655e-02
7.956581289620022479e-02
1.207639323181840529e-01
1.509927502380194013e-02
9.409176153165518808e-02
