-9.461589455701957529e-01
8.879103627363592321e-02
1.169967557633785210e-01
9.753629106565632478e-02
5.760046142432773131e-02
9.517053584227821647e-03
6.806680364853441578e-02
2.417378284072725994e-02
8.672746133011816072e-02
5.770390373121785793e-02
6.411007222141237860e-02
1.340675681226466930e-02
2.264924060214793325e-02
8.374323925735210894e-02
6.839999724209785970e-02
8.805373406479155562e-02
7.952853175459156931e-02
1.207280729873696640e-01
1.509272032467835235e-02
9.404767415092994687e-02
