-9.461880487560998532e-01
8.878312426890461184e-02
1.169449060545523084e-01
9.749306569364710184e-02
5.757493449375971489e-02
9.512835890661472393e-03
6.803663833389060611e-02
2.472943682950546479e-02
8.668902614718614064e-02
5.767833096565630480e-02
6.408166042011224917e-02
1.340081531044707945e-02
2.263920308852036475e-02
8.370607263842430590e-02
6.836968426531848941e-02
8.801471109836372930e-02
7.949328692076734759e-02
1.206932276090498246e-01
1.508647388044538629e-02
9.400599483692935465e-02
