-9.462152946309597690e-01
8.877562343210626539e-02
1.168958768213205213e-01
9.745219165802093686e-02
5.755079615698068668e-02
9.508847627557425256e-03
6.800811392593031357e-02
2.525738737057331776e-02
8.665268172406771774e-02
5.765414928526729071e-02
6.405479413939413336e-02
1.339519700930410367e-02
2.262971158687350492e-02
8.367093294909457024e-02
6.834102022761973094e-02
8.797781086949653384e-02
7.945995930491565884e-02
1.206594232777250808e-01
1.508052482489605217e-02
9.396658275818610406e-02
