-9.462408155785972941e-01
8.876851158634778416e-02
1.168495041738502882e-01
9.741353232929313155e-02
5.752796572618210785e-02
9.505075463356599599e-03
6.798113507622267904e-02
2.575901126950093725e-02
8.661830657382771359e-02
5.763127785803903030e-02
6.402938357344281628e-02
1.338988312856170121e-02
2.262073437000061346e-02
8.363770166462104749e-02
6.831390931383088394e-02
8.794291003193412115e-02
7.942843750294072136e-02
1.206266779661424038e-01
1.507486199013150299e-02
9.392930617209324651e-02
