-9.462647334776382868e-01
8.876176783105897694e-02
1.168056347086876001e-01
9.737695982012324614e-02
5.750636767647485104e-02
9.501506919512675911e-03
6.795561253714106631e-02
2.623561739001362830e-02
8.658578698244287497e-02
5.760964102394076219e-02
6.400534466260685007e-02
1.338485608958884555e-02
2.261224174073860407e-02
8.360626794865683165e-02
6.828826183944956829e-02
8.790989313164664087e-02
7.939861723886175449e-02
1.205950017565844135e-01
1.506947406474171136e-02
9.389404176550458780e-02
