-8.887665146104156699e-01
-7.070635025211826144e-03
4.921319633686788847e-02
7.061429048919608265e-02
-4.867366050670479671e-02
7.062172156253673783e-02
3.715378435332994389e-02
3.461198950266954760e-02
3.361183722651510039e-03
-4.022164909713094039e-01
6.790170778888096614e-02
1.271124456791180857e-01
1.008606049144447452e-02
5.322432815992250016e-02
2.646075166177524682e-02
4.974342264230605798e-02
4.831844802709744924e-02
2.227422560296942258e-02
2.391756510297000579e-02
2.512381384379907753e-02
