-2.748967895110809301e-01
9.597695327160327139e-01
-1.448259237088405163e-02
-1.515342844295319499e-02
-1.989316411025033541e-03
-2.178682993532239306e-02
-4.952426135829888360e-03
-1.410952346758191048e-04
-1.652510723990796571e-02
-1.835881553879786104e-02
-6.591527896422109088e-03
-1.733247976439947907e-02
-2.236720547366964282e-02
-9.398819056246333209e-03
-5.991349856401143557e-03
-1.394081639569562923e-04
-2.268938444142543781e-02
-9.683262027862684154e-03
-1.201429002036609982e-02
-4.548467822008643710e-04
