-9.463082004824778792e-01
8.874930689077871471e-02
1.167248396811424727e-01
9.730960370181140906e-02
5.746659023815112177e-02
9.494934680791412840e-03
6.790860730832244674e-02
2.711869167900606697e-02
8.652589517769825045e-02
5.756979215410668038e-02
6.396107185335454803e-02
1.337559771931293509e-02
2.259660074277769840e-02
8.354838496475948395e-02
6.824102651548520637e-02
8.784908542956294808e-02
7.934369682784855882e-02
1.205348639505969821e-01
1.505947771608720336e-02
9.382909479860793156e-02
