-9.463279485824592774e-01
8.874355358545618633e-02
1.166876532573070113e-01
9.727860262118111223e-02
5.744828242043700794e-02
9.491909766241870064e-03
6.788697285364818368e-02
2.752746678995512605e-02
8.649832959358030871e-02
5.755145145904117659e-02
6.394069501211488427e-02
1.337133649567620423e-02
2.258940187426987725e-02
8.352174759682189087e-02
6.821928615806083229e-02
8.782109829903217424e-02
7.931841936037058172e-02
1.205063922901098705e-01
1.505484697219333645e-02
9.379920254519548417e-02
