-9.463464930530124386e-01
8.873809599507183343e-02
1.166524470676329056e-01
9.724925239569014168e-02
5.743094952234967937e-02
9.489045933037532424e-03
6.786649046690057530e-02
2.791584386078745789e-02
8.647223191866405811e-02
5.753408743414627213e-02
6.392140326895566493e-02
1.336730218874035946e-02
2.258258635656247917e-02
8.349653068379607468e-02
6.819870350804714543e-02
8.779460152617063473e-02
7.929448795684415630e-02
1.204789712184293343e-01
1.505044663834903540e-02
9.377090210017063887e-02
