-9.870369323905315850e-01
-4.033193152379994928e-02
3.889773821851551933e-02
5.640169487619532684e-02
9.728385430363389874e-03
5.564596928513872165e-02
2.496842537711696508e-02
2.727232004823830491e-02
2.532220217032088872e-03
4.328674609950835736e-03
1.457649431959655469e-02
4.787022608789606726e-02
6.185749983129612377e-03
3.168087697754982252e-02
3.072234584553491625e-03
3.919513409400223608e-02
3.667299050425498058e-02
2.099945210306947488e-02
8.708805205024894303e-02
1.979626551656191169e-02
