-9.870370101007437391e-01
-4.033286211320717685e-02
3.889728651077452998e-02
5.640103990026749253e-02
9.728275933905891626e-03
5.564532308522499721e-02
2.496813542629875218e-02
2.727200334298384918e-02
2.532190811119912691e-03
4.363602031889685616e-03
1.457632500346206679e-02
4.786967018470469210e-02
6.185678149874539872e-03
3.168050907704898084e-02
3.070263326237119509e-03
3.919467893269234365e-02
3.667256463184042498e-02
2.099920824274479139e-02
8.708726909321887200e-02
1.979603562848137460e-02
