-9.463956886248197087e-01
8.872334555148844726e-02
1.165576318824329966e-01
9.717020813979806992e-02
5.738426960807121308e-02
9.481333230298939416e-03
6.781132853910359914e-02
2.896849414926513586e-02
8.640194723411602495e-02
5.748732369028573819e-02
6.386944791061098525e-02
1.335643723678685453e-02
2.256423121561589376e-02
8.342862680091542305e-02
6.814327155727324670e-02
8.772324201668318944e-02
7.923003734522003627e-02
1.204028444830483879e-01
1.503852390301862671e-02
9.369468504967159994e-02
