-2.748967810942568590e-01
9.597695388429743346e-01
-1.448256107876835438e-02
-1.515339570151183132e-02
-1.989087084457972360e-03
-2.178670685625511486e-02
-4.952415435279276107e-03
-1.485832260992998291e-04
-1.652507153463110903e-02
-1.835877587148545750e-02
-6.591513654316380824e-03
-1.733244231465832716e-02
-2.236735805021031545e-02
-9.398802259591497107e-03
-5.991336910963139875e-03
-1.394078627421430549e-04
-2.268933541716168859e-02
-9.683241105544521457e-03
-1.201426406146909390e-02
-4.548457994277998909e-04
