-2.748967788018453207e-01
9.597695404965185251e-01
-1.448255256923805523e-02
-1.515338679780862605e-02
-1.989156135121981049e-03
-2.178671777212960042e-02
-4.952412525383523799e-03
-1.491131270570918784e-04
-1.652506182497807605e-02
-1.835876508440090205e-02
-6.591509781334024126e-03
-1.733243213061763308e-02
-2.236735557047442313e-02
-9.398796013537815894e-03
-5.991333390625111846e-03
-1.394077808301238410e-04
-2.268932208556803665e-02
-9.683235415952718556e-03
-1.201425700223581090e-02
-4.548455321735924112e-04
