-2.748967794192276326e-01
9.597695400531830456e-01
-1.448255485925849760e-02
-1.515338919390971963e-02
-1.989100274114577113e-03
-2.178670224340976264e-02
-4.952413308473023294e-03
-1.495636428966506742e-04
-1.652506443796768892e-02
-1.835876798734085991e-02
-6.591510823602228161e-03
-1.733243487127091031e-02
-2.236736763743613077e-02
-9.398798042394740371e-03
-5.991334337990344983e-03
-1.394078028736772386e-04
-2.268932567326653951e-02
-9.683236947093349506e-03
-1.201425890196415429e-02
-4.548456040950567465e-04
