-8.970435298092159782e-01
9.389177826185368669e-02
1.615098677257077453e-01
1.353419299302758005e-01
1.037620321147047359e-01
2.465647619009347577e-02
9.396381524897898241e-02
-1.681211263504709674e-01
6.879848960468444574e-02
8.009379099104742272e-02
8.832532349804353422e-02
1.850751834356570077e-02
3.472080809800980744e-02
1.199469605999258087e-01
9.442207766607134400e-02
1.163357719851444011e-01
1.095163624667832014e-01
8.494569921473366092e-02
-1.476364635263785127e-02
1.298610553153192737e-01
