-9.870372820828398064e-01
-4.033623576096309615e-02
3.889564836449408564e-02
5.639866458923648712e-02
9.727875579659345240e-03
5.564297960095622442e-02
2.496708390158206697e-02
2.727085479163633350e-02
2.532084168746351078e-03
4.492333404896851554e-03
1.457571102642355419e-02
4.786765416821701924e-02
6.185417642097206480e-03
3.167917486294917484e-02
3.063000168456848048e-03
3.919302826182900767e-02
3.667102017898175859e-02
2.099832386807599927e-02
8.708432134329438523e-02
1.979520192502693884e-02
