-9.870373193682949742e-01
-4.033671408536934622e-02
3.889541602802130960e-02
5.639832770150350616e-02
9.727818383198113053e-03
5.564264722717769673e-02
2.496693476499601758e-02
2.727069189387069589e-02
2.532069043776610882e-03
4.510896199639295029e-03
1.457562395314235780e-02
4.786736823893308207e-02
6.185380694567648927e-03
3.167898563284098079e-02
3.061953166708838645e-03
3.919279414900849606e-02
3.667080113094323135e-02
2.099819843819612786e-02
8.708388729307195431e-02
1.979508368178928626e-02
