-9.464708495036913138e-01
8.869997061306382491e-02
1.164084011853126072e-01
9.704579948747864282e-02
5.731079956178022211e-02
9.469194119844349944e-03
6.772450855428475969e-02
3.064538583735915145e-02
8.629132536835253109e-02
5.741372170257083574e-02
6.378767478188089590e-02
1.333933676547751149e-02
2.253534185075912674e-02
8.332177420600980766e-02
6.805602658022348594e-02
8.761092847403145756e-02
7.912859779540291905e-02
1.202761744326633214e-01
1.501957741798690994e-02
9.357472616803831633e-02
