-9.870373819483647670e-01
-4.033752657575711414e-02
3.889502133233256609e-02
5.639775539301399715e-02
9.727720981367517228e-03
5.564208258704232690e-02
2.496668141016608611e-02
2.727041516140144700e-02
2.532043349315997449e-03
4.542638891722406737e-03
1.457547603512342541e-02
4.786688249924130056e-02
6.185317927708653893e-03
3.167866416670615110e-02
3.060162997733045006e-03
3.919239643564121495e-02
3.667042900978893794e-02
2.099798535657260157e-02
8.708313904395086069e-02
1.979488280891053553e-02
