-2.748967769671136208e-01
9.597695418228067155e-01
-1.448254575613744030e-02
-1.515337966912773740e-02
-1.989132171893320117e-03
-2.178669974520268740e-02
-4.952410195595345448e-03
-1.509836490123340428e-04
-1.652505405101065833e-02
-1.835875644779529081e-02
-6.591506680457136398e-03
-1.733242397683495278e-02
-2.236737651823581668e-02
-9.398791846932227564e-03
-5.991330572088554053e-03
-1.394077152478247824e-04
-2.268931141171607116e-02
-9.683230860619888858e-03
-1.201425135030882892e-02
-4.548453181983351393e-04
