-9.464995197171106600e-01
8.869075723279148948e-02
1.163499297452913611e-01
9.699705379914112802e-02
5.728201259323130456e-02
9.464437784301555148e-03
6.769049082446820798e-02
3.130923997488514049e-02
8.624798160626508114e-02
5.738488303671213792e-02
6.375563450676220711e-02
1.333263647390350339e-02
2.252402244532130532e-02
8.327991326307020159e-02
6.802184233032614047e-02
8.756692188088772977e-02
7.908885184053328354e-02
1.202242154277086555e-01
1.501210507400749933e-02
9.352772398492330275e-02
