-9.465080181590277419e-01
8.868799203094615557e-02
1.163324196080342959e-01
9.698245618202805396e-02
5.727339190986874967e-02
9.463013429297405937e-03
6.768030371229780129e-02
3.150879521772290831e-02
8.623500167582710818e-02
5.737624687182013572e-02
6.374603957263919041e-02
1.333062997252298931e-02
2.252063268199732196e-02
8.326737791833800639e-02
6.801160535125541640e-02
8.755374345590138940e-02
7.907694932667475030e-02
1.202083975111264691e-01
1.500986299589307689e-02
9.351364848622810422e-02
