-9.870374709122775592e-01
-4.033870398266379415e-02
3.889444926323016444e-02
5.639692589319112576e-02
9.727579283181223349e-03
5.564126420167703896e-02
2.496631419949143366e-02
2.727001406734392425e-02
2.532006107948941293e-03
4.589177646437743452e-03
1.457526164962921061e-02
4.786617847167848327e-02
6.185226953873088421e-03
3.167819823599433982e-02
3.057538948505256378e-03
3.919181999273716605e-02
3.666988966005495926e-02
2.099767651759466489e-02
8.708202678524372409e-02
1.979459166519978094e-02
