-9.465236164784555095e-01
8.868287437193196621e-02
1.163000604663582405e-01
9.695547944544628816e-02
5.725746068613780243e-02
9.460381188059115501e-03
6.766147769162458858e-02
3.187849643560523860e-02
8.621101446190801432e-02
5.736028703785792798e-02
6.372830791079660273e-02
1.332692191121587211e-02
2.251436832038559988e-02
8.324421288699948573e-02
6.799268717538842211e-02
8.752938941944014839e-02
7.905495320370925505e-02
1.201788511258154307e-01
1.500571484628779838e-02
9.348763663664905188e-02
