-9.870375023037184503e-01
-4.033912617926870003e-02
3.889424409942082717e-02
5.639662840580231262e-02
9.727528315325207828e-03
5.564097070031796821e-02
2.496618250501514771e-02
2.726987022111207470e-02
2.531992751903845880e-03
4.606047567391445725e-03
1.457518476496041764e-02
4.786592598300432044e-02
6.185194327502297612e-03
3.167803113709087570e-02
3.056587939823468547e-03
3.919161326033095832e-02
3.666969623054527894e-02
2.099756575723212004e-02
8.708161852119011836e-02
1.979448725097340128e-02
