-2.614320042491394269e-01
8.640709481216660715e-01
-6.852339304759721972e-02
-2.681110109878031070e-02
-1.800951318411967150e-01
-1.425699761741442417e-01
-2.952593686221069436e-02
2.375438243603019695e-01
-6.519528753171402458e-02
-6.904559852981685675e-02
-1.305085991567818751e-02
-6.709896690786952556e-02
1.490102764325988705e-01
1.205698214773337357e-01
-6.793886990659382674e-02
-8.296383011036556274e-04
-9.748003942468103089e-02
-3.276204030026534653e-02
-6.272527428341626021e-02
-1.760849623055245079e-03
