-9.870375155410788803e-01
-4.033930533040832461e-02
3.889415703710668443e-02
5.639650216550397277e-02
9.727506663185362876e-03
5.564084615151176222e-02
2.496612661978907591e-02
2.726980917922624398e-02
2.531987084197646551e-03
4.613239529463007173e-03
1.457515213874406579e-02
4.786581883814264304e-02
6.185180482334609944e-03
3.167796022781465409e-02
3.056182541376435604e-03
3.919152553237468389e-02
3.666961414774133621e-02
2.099751875550452326e-02
8.708144354483716987e-02
1.979444294226121934e-02
