-9.870375273783782433e-01
-4.033946610924003112e-02
3.889407890067807932e-02
5.639638886773379323e-02
9.727487218963383822e-03
5.564073437181696336e-02
2.496607646408140896e-02
2.726975439553479957e-02
2.531981997561423645e-03
4.619712321755372990e-03
1.457512285754986210e-02
4.786572267808918146e-02
6.185168056614398502e-03
3.167789658836681760e-02
3.055817700013108845e-03
3.919144679854755231e-02
3.666954048030884178e-02
2.099747657253283120e-02
8.708128556037825208e-02
1.979440317620905637e-02
