-9.465499602074947116e-01
8.867410182303038513e-02
1.162447354073719713e-01
9.690935678998206793e-02
5.723022276057022212e-02
9.455880793603915063e-03
6.762929047495956636e-02
3.251335094204662463e-02
8.617000305194032206e-02
5.733300019680978576e-02
6.369799174088129623e-02
1.332058216609548033e-02
2.250365801851328396e-02
8.320460871293598737e-02
6.796034239918170849e-02
8.748775084579502037e-02
7.901734600099918904e-02
1.201273858213102869e-01
1.499861009619261713e-02
9.344316366741182989e-02
