-9.465556699011320463e-01
8.867217820803552364e-02
1.162326283391491716e-01
9.689926353122094160e-02
5.722426214472813022e-02
9.454895949056128443e-03
6.762224678019979063e-02
3.265274636220882182e-02
8.616102831341194979e-02
5.732702887653993995e-02
6.369135749693934090e-02
1.331919480694766789e-02
2.250131422787246538e-02
8.319594215293468764e-02
6.795326422485417628e-02
8.747863886180334836e-02
7.900911622271747370e-02
1.201159631438325076e-01
1.499705347572098842e-02
9.343343141800276863e-02
