-9.465610694384503088e-01
8.867035156192251688e-02
1.162211397416458708e-01
9.688968587086013717e-02
5.721860601766087795e-02
9.453961413757852941e-03
6.761556290161399585e-02
3.278517615794210999e-02
8.615251203541998692e-02
5.732136259186380867e-02
6.368506215301417139e-02
1.331787831888066320e-02
2.249909016612531773e-02
8.318771837715389916e-02
6.794654762803561954e-02
8.746999234931902845e-02
7.900130684983876217e-02
1.201050706621324266e-01
1.499557582758607663e-02
9.342419632539364360e-02
