-2.748967762819020111e-01
9.597695423171798135e-01
-1.448254321249937797e-02
-1.515337700766822455e-02
-1.989122938623174262e-03
-2.178669291809644248e-02
-4.952409325780125597e-03
-1.519267601637731369e-04
-1.652505114863726463e-02
-1.835875322336007892e-02
-6.591505522759645574e-03
-1.733242093265937797e-02
-2.236738280999280362e-02
-9.398790253701973241e-03
-5.991329519802536183e-03
-1.394076907629884505e-04
-2.268930742668493622e-02
-9.683229159908258304e-03
-1.201424924018905382e-02
-4.548452383117010476e-04
