-2.748967762335994824e-01
9.597695423519843061e-01
-1.448254303323078841e-02
-1.515337682009587975e-02
-1.989124178961855852e-03
-2.178669307566486260e-02
-4.952409264477946119e-03
-1.519551903596530126e-04
-1.652505094408600328e-02
-1.835875299611078315e-02
-6.591505441168326804e-03
-1.733242071811427407e-02
-2.236738272520592472e-02
-9.398790133281965942e-03
-5.991329445640342435e-03
-1.394076890373649002e-04
-2.268930714583095379e-02
-9.683229040046807679e-03
-1.201424909147363884e-02
-4.548452326815118074e-04
