-9.870375764602343782e-01
-4.034013877798069136e-02
3.889375196604090423e-02
5.639591481272454576e-02
9.727405740766909351e-03
5.564026666866474929e-02
2.496586660501336555e-02
2.726952517228253825e-02
2.531960714306000400e-03
4.647008596583767845e-03
1.457500034135620487e-02
4.786532032988373431e-02
6.185116065521367897e-03
3.167763031129020024e-02
3.054279354305267005e-03
3.919111736430455628e-02
3.666923224462745323e-02
2.099730007259816705e-02
8.708061342765148483e-02
1.979423678903127412e-02
