-2.748967762073206145e-01
9.597695423709237117e-01
-1.448254293569658027e-02
-1.515337671804387575e-02
-1.989123963172205380e-03
-2.178669286058015561e-02
-4.952409231125429190e-03
-1.519998987791449600e-04
-1.652505083279631401e-02
-1.835875287247183685e-02
-6.591505396777136427e-03
-1.733242060138727100e-02
-2.236738285116886618e-02
-9.398790070749719200e-03
-5.991329405291101126e-03
-1.394076880985090278e-04
-2.268930699302742701e-02
-9.683228974834076630e-03
-1.201424901056241668e-02
-4.548452296183085790e-04
