-2.748967762101191536e-01
9.597695423689096561e-01
-1.448254294608115715e-02
-1.515337672890946195e-02
-1.989123316938683390e-03
-2.178669265745029893e-02
-4.952409234676505290e-03
-1.520173597386201639e-04
-1.652505084464545373e-02
-1.835875288563581370e-02
-6.591505401503514570e-03
-1.733242061381531571e-02
-2.236738296555329172e-02
-9.398790079210031512e-03
-5.991329409587126467e-03
-1.394076881984701642e-04
-2.268930700929659705e-02
-9.683228981777354180e-03
-1.201424901917711764e-02
-4.548452299444513377e-04
