-2.684744545001000460e-01
8.924501321128127662e-01
-4.478900912412420166e-02
-7.696715443143654911e-02
1.350005337283030349e-01
-3.188354957582045790e-02
-1.229728573525770176e-02
2.082886446096250399e-01
-6.007122946834889121e-02
-6.830827601862714260e-02
-1.646974093220653773e-02
-6.360137436930080046e-02
1.123946136101708487e-01
-1.559470679671618176e-01
-5.199376023594484697e-02
-3.918892023417947694e-04
-7.679100807474860402e-02
-3.796993515578336170e-02
-3.404820641245307616e-02
-1.669053267580989253e-03
