2.906835433539972646e-01
-2.664599147411642055e-01
3.183676903400922686e-01
-1.384207349304748813e-02
1.038155511978561610e-02
3.391308005796634939e-01
-3.391308005796634939e-01
-7.267088583849931616e-02
-7.959192258502306716e-02
-3.356702822064016045e-01
2.318547310085454227e-01
6.228933071871369659e-02
2.041705840224504465e-01
-6.574984909197557903e-02
-2.353152493818073121e-01
-2.283942126352835611e-01
-1.591838451700461343e-01
1.868679921561411106e-01
-3.010650984737828773e-01
-1.626443635433079959e-01
