8.616698538307749899e-01
-1.463405610468589413e-01
-3.475155790560694596e-02
-4.258182633337406070e-02
-1.805314717008172920e-01
-1.267779364263878217e-01
-1.591330241774752130e-01
-1.588911484942688024e-01
-5.884045658768127102e-02
-9.338019557263649295e-02
-3.446480111188912621e-02
-2.644787771904797552e-02
-1.737328335679272084e-01
-1.218725634646766059e-01
-4.952565044274561540e-02
-7.863883804253779530e-02
-1.623492687493679199e-01
-1.876997602846419977e-01
-1.680406241977638535e-02
-6.512707506496105692e-02
