9.359045884007026750e-01
-1.244906868626009938e-01
-5.420690683995125353e-02
-6.366546445517162756e-02
-1.113804481812546154e-01
-9.373910840123292343e-02
-3.329648016032085711e-02
-2.031421488017190816e-02
-4.791077368158051797e-02
-8.145531339527843639e-02
-3.776985582734928432e-02
-7.153922090023963343e-02
-9.964382241635101611e-02
-9.071103297008140109e-02
-8.562800885084666247e-02
-9.198938684882311534e-02
-1.021131816940006876e-01
-4.088978899713267834e-02
-8.316723853670843214e-02
-1.021604512788184815e-01
