3.524552354101727625e-01
-1.440643123079220489e-01
9.041239127004696216e-04
-7.445108861512496345e-02
-1.302753679279182730e-01
-1.099025252860015150e-01
-3.894045047705515378e-02
-2.396189087844909429e-02
-5.446958214424116318e-02
-9.527360835656574489e-02
-4.414802567412817735e-02
7.724642903240184211e-01
-1.165477069706978425e-01
-3.761049860507885700e-01
-1.660310242013147627e-02
-1.075880673791337477e-01
-1.194361504538780094e-01
-4.782645609494799027e-02
-9.725964856595491204e-02
-1.214130169200878517e-01
