8.616712320371958667e-01
-1.463391035812988961e-01
-3.477418214546187936e-02
-4.258137950612996686e-02
-1.805296737139801544e-01
-1.267766737930154652e-01
-1.591314393065375588e-01
-1.588895660322701409e-01
-5.883987057148454269e-02
-9.337926556103845477e-02
-3.448138894333828419e-02
-2.644761431380587488e-02
-1.737311032917584208e-01
-1.218713496859218370e-01
-4.952510201059447115e-02
-7.863805484615457586e-02
-1.623476518465338803e-01
-1.876978909058840961e-01
-1.680382074174129742e-02
-6.512642643775713724e-02
