-8.719292577269027733e-01
-6.295573307000573889e-04
-6.217612006855058370e-04
3.704003030101220111e-03
1.775471635991702265e-03
4.328591826802559266e-03
4.597387497490481624e-03
5.726813099865345202e-02
1.199987734764386990e-04
4.855214604993348115e-01
1.840774731780488735e-03
-4.662511329977180388e-03
3.487175078398337211e-03
2.111896275527256651e-03
-1.532719239848512501e-02
1.232545101603125691e-03
6.475709753632635964e-03
-1.760223800135585215e-02
1.104299355743419307e-03
6.317998892785154849e-03
