8.616713998768528171e-01
-1.463389260305201500e-01
-3.477693264001895795e-02
-4.258132507849186899e-02
-1.805294546803563882e-01
-1.267765199770045093e-01
-1.591312462350325252e-01
-1.588893732542259185e-01
-5.883979918205689552e-02
-9.337915226554249770e-02
-3.448340555227148024e-02
-2.644758222535923201e-02
-1.737308925067268250e-01
-1.218712018214583026e-01
-4.952503978361930820e-02
-7.863795943592218063e-02
-1.623474548728520983e-01
-1.876976631751826885e-01
-1.680379747333245882e-02
-6.512634742095678442e-02
