8.616714150151685292e-01
-1.463389100156828049e-01
-3.477718058116359423e-02
-4.258132016934156744e-02
-1.805294349238231177e-01
-1.267765061030106943e-01
-1.591312288202469116e-01
-1.588893558659100202e-01
-5.883979274282820360e-02
-9.337914204644374994e-02
-3.448358733729575687e-02
-2.644757933102523384e-02
-1.737308734942052679e-01
-1.218711884842859638e-01
-4.952503429449701955e-02
-7.863795083004974928e-02
-1.623474371060955046e-01
-1.876976426341849802e-01
-1.680379554109584159e-02
-6.512634029374948785e-02
