8.616714202943117629e-01
-1.463389044308482934e-01
-3.477726703270360431e-02
-4.258131845739215882e-02
-1.805294280341516455e-01
-1.267765012647499578e-01
-1.591312227472101437e-01
-1.588893498021040351e-01
-5.883979049728390448e-02
-9.337913848275002093e-02
-3.448365072162453554e-02
-2.644757832168770709e-02
-1.737308668639919451e-01
-1.218711838332302705e-01
-4.952503239080099928e-02
-7.863794782893444857e-02
-1.623474309103162816e-01
-1.876976354709481432e-01
-1.680379488143520991e-02
-6.512633780828723518e-02
