5.906414710786659361e-01
-1.481310340192109332e-01
-4.665852297370397944e-02
-7.577448754352049398e-02
-1.325649153209128295e-01
-1.115715922764964757e-01
-3.962938364877479497e-02
-2.418666488218188318e-02
-5.690914590018539276e-02
-9.694804517880260819e-02
-4.495021143791362583e-02
6.247533494932872022e-01
-1.185959932517355597e-01
-3.318725797639399122e-01
-7.871162152682932567e-02
-1.094856713451403674e-01
-1.215350227782975717e-01
-4.866699231691330035e-02
-9.898553018619389576e-02
-1.216742858239577285e-01
