8.616714227770830847e-01
-1.463389018043065315e-01
-3.477730768692256086e-02
-4.258131765226796234e-02
-1.805294247939464025e-01
-1.267764989893210292e-01
-1.591312198910673492e-01
-1.588893469503024902e-01
-5.883978944120678983e-02
-9.337913680674864159e-02
-3.448368052837035708e-02
-2.644757784699733327e-02
-1.737308637458097327e-01
-1.218711816458437347e-01
-4.952503149869498522e-02
-7.863794641751312153e-02
-1.623474279964479405e-01
-1.876976321020854266e-01
-1.680379457550727068e-02
-6.512633663937700268e-02
