6.646678402062952129e-01
-1.493986399424097611e-01
-5.388710165995266171e-02
-7.640891663101571918e-02
-1.336746904160073801e-01
-1.125029696492789166e-01
-3.996118953290900971e-02
-2.438329619253735286e-02
-5.745501560896925514e-02
-9.775965152444682227e-02
-4.532836699039938938e-02
5.535133652538625215e-01
-1.195888266825556046e-01
-3.105452313067750270e-01
-8.825484312525780362e-02
-1.104022538844219165e-01
-1.225524602878478586e-01
-4.907441094573911089e-02
-9.981423431896331577e-02
-1.226371108680053140e-01
