-3.563774477097190196e-01
-3.795069846501833433e-01
-2.117066639383305068e-02
-9.144816050693357901e-02
-3.808439630663518899e-02
5.279712343358368420e-03
-5.188013942036447806e-02
2.647262405946901320e-01
-2.126763814983340106e-01
6.678442656716259140e-01
-2.527794126671882493e-03
-2.081914736826773749e-01
6.757293470900006815e-02
-2.204228446039997041e-02
-1.637936892037221981e-01
4.789564452686732171e-02
-5.452237201968810482e-02
-2.334887701451802411e-01
1.341705937729710807e-01
-4.056740193596917315e-02
