6.659564093429554132e-01
-2.128042617266488190e-01
-8.390279617705212467e-02
-1.088324920892977249e-01
-1.903985318623485634e-01
-1.602420250188030248e-01
-5.691844248654664984e-02
-3.472430939711610570e-02
-8.187205067735918440e-02
-1.392432185010296641e-01
-6.456651537716692757e-02
4.793729579721401346e-01
-1.703354386431602807e-01
3.459722502310286912e-02
-1.577587608363575922e-01
-1.572506160868399616e-01
-1.745566676656750971e-01
-6.989876518135222649e-02
-1.421696593538684661e-01
-1.746535305898913315e-01
