-9.648041579704329518e-01
9.089103706982307185e-03
4.176287969679816359e-03
2.440246513478492446e-02
1.166962223368715398e-02
2.843409159434484926e-02
3.020068268148013574e-02
4.200573308707307441e-02
8.000828720191511438e-04
2.431062348197651213e-01
1.209120836123528213e-02
1.293847713367364538e-02
2.279916444936135392e-02
1.387315075376405714e-02
3.247692699998044191e-02
8.095962013112894401e-03
4.253829689670601127e-02
2.036882449681937796e-03
7.254023584780494929e-03
4.150230926763585904e-02
