7.290400148253507462e-01
-2.055680881929548010e-01
-8.420590149034032357e-02
-1.051298063179032655e-01
-1.839208259962467062e-01
-1.547900303427430513e-01
-5.498196842811668705e-02
-3.354400315808741401e-02
-7.910320775305655638e-02
-1.345059098439142786e-01
-6.236928322256875268e-02
4.064899311371080737e-01
-1.645403158588022996e-01
1.558641160243594628e-02
-1.482889459457687464e-01
-1.519006636654860465e-01
-1.686179309642805990e-01
-6.752068150171604277e-02
-1.373327858846184746e-01
-1.687012159132434130e-01
