7.832554247252487833e-01
-1.490741660619772646e-01
-6.081300105791623278e-02
-7.623802653515564243e-02
-1.333756957901316709e-01
-1.122506063369245050e-01
-3.987181961473708347e-02
-2.432614691743532551e-02
-5.736525139081086883e-02
-9.754098926068882625e-02
-4.522825712140423476e-02
4.007604837905840989e-01
-1.193213383765666935e-01
-2.620886950088710532e-01
-9.721256147811634107e-02
-1.101553160501222289e-01
-1.222783431041593177e-01
-4.896464457863532183e-02
-9.959098275808510314e-02
-1.223379101595934992e-01
