7.807117974506002644e-01
-1.969435995844771581e-01
-8.260225009844468502e-02
-1.007186229468054056e-01
-1.762036205533925037e-01
-1.482950771040857096e-01
-5.267495762642058349e-02
-3.213686736558875323e-02
-7.579050814270829606e-02
-1.288621240794654565e-01
-5.975205064695075091e-02
3.357798422279263950e-01
-1.576363047755745261e-01
-1.980910512834891096e-03
-1.395598171714175773e-01
-1.455270047670813582e-01
-1.615428256440705757e-01
-6.468755497584398328e-02
-1.315703858740877308e-01
-1.616192774087371609e-01
