8.253632337456947576e-01
-1.475222014702557705e-01
-6.181938869344030113e-02
-7.544405419529284784e-02
-1.319866689124315207e-01
-1.110815562642858273e-01
-3.945657931640077914e-02
-2.407259592945626761e-02
-5.677203459262301910e-02
-9.652515909044763476e-02
-4.475741516848077278e-02
3.281280730962377601e-01
-1.180786790966555921e-01
-2.377789931913778243e-01
-9.833056617016125434e-02
-1.090081153656831670e-01
-1.210048884155172227e-01
-4.845470753970298333e-02
-9.855380324609826215e-02
-1.210618425069625304e-01
