-9.752056444632266619e-01
1.745548140288831138e-02
8.296038351423323104e-03
4.667861373225565963e-02
2.232239088583429926e-02
5.439052386693202928e-02
5.776977079068570942e-02
5.836614668562738195e-02
1.530449848498606361e-03
-1.182627787744940234e-01
2.312882595167420688e-02
2.564588897328087813e-02
4.361162043855983106e-02
2.653743782636569515e-02
7.088416382842721575e-02
1.548646677643976226e-02
8.136993738456854697e-02
7.292590068593603723e-03
1.387595385665612788e-02
7.938823490331163579e-02
