-9.818941109825396474e-01
1.181551776732082427e-02
5.566205722409275046e-03
3.159588629247792740e-02
1.510961182266905810e-02
3.681593546798114097e-02
3.910328495155879908e-02
4.433348187647903615e-02
1.035933076545239931e-03
1.401221886228926905e-01
1.565547273965894534e-02
1.725779792384620273e-02
2.951989657355362159e-02
1.796269881289853584e-02
4.605698112282355372e-02
1.048250174725406589e-02
5.507779941802058016e-02
4.899637741122580929e-03
9.392375462188242222e-03
5.373642181251729599e-02
