8.517192322074604860e-01
-1.787660817109077149e-01
-7.677268605834322579e-02
-9.142231893703561818e-02
-1.599400702326145285e-01
-1.346074639471669665e-01
-4.781307189657608286e-02
-2.917078442983940187e-02
-6.879831534221041156e-02
-1.169681821001423566e-01
-5.423679142623875904e-02
2.123610844328880920e-01
-1.430865130797665530e-01
-3.093358186432629622e-02
-1.243468309819412698e-01
-1.320948984626453271e-01
-1.466324630444683086e-01
-5.871690975201928481e-02
-1.194264719696445376e-01
-1.467005048430263525e-01
