8.801127580566092679e-01
-1.429573032121954357e-01
-6.143887331975459581e-02
-7.310943631842843626e-02
-1.279023384712998368e-01
-1.076441278849336047e-01
-3.823559470501470409e-02
-2.332758300026752454e-02
-5.501737955014946585e-02
-9.353818586916151645e-02
-4.337251148899708836e-02
2.044484111908284329e-01
-1.144247317135069220e-01
-1.946342659285476839e-01
-9.727881835008829470e-02
-1.056348567869685173e-01
-1.172603894190966667e-01
-4.695527552394505866e-02
-9.550405359933231142e-02
-1.173147617995985853e-01
