6.869683275166016401e-02
1.200937324872405482e-01
2.275418538514219491e-01
-9.640179652095633156e-02
-1.389071804736345950e-01
-2.317024573618656491e-01
-4.238003613016120413e-02
-9.622536984136920504e-03
-4.727354198912305482e-03
-7.628679104527170962e-02
-4.622366098026118447e-02
6.698227177559888945e-01
-1.039878522301092428e-01
1.286039151007622450e-01
-4.846254746152763859e-01
-8.238732521358552163e-02
-1.205943917007717275e-01
-6.485315496268045932e-02
-1.716659178200609648e-01
-2.665680655507140506e-01
