8.742939169868833016e-01
-1.703802966903948946e-01
-7.357660506307810155e-02
-8.713375609576956560e-02
-1.524373832597202549e-01
-1.282931128756313321e-01
-4.557019109343453389e-02
-2.780241254722286282e-02
-6.557137381444114177e-02
-1.114812790694663935e-01
-5.169255578722887351e-02
1.622192356625431209e-01
-1.363744157540676405e-01
-4.214846501472700041e-02
-1.179872415863430918e-01
-1.258984107881969405e-01
-1.397540274611461519e-01
-5.596253685944536232e-02
-1.138242521241298322e-01
-1.398187719629152004e-01
