-9.855371220411694999e-01
1.281590730688757923e-02
6.056529632455454927e-03
3.426644141338810318e-02
1.638670999443756632e-02
3.992770063496186433e-02
4.240838201028059723e-02
4.631946824705738402e-02
1.123492456886166727e-03
9.846062726272078458e-02
1.697870829303495602e-02
1.875999211034432013e-02
3.201498395147114179e-02
1.948094627181311614e-02
5.065158567244872762e-02
1.136850622833326940e-02
5.973309815006022649e-02
5.596592956011199084e-03
1.018624003270446159e-02
5.827834431071921700e-02
