-9.833288381386446897e-01
1.614133973922272577e-02
7.644531650637358643e-03
4.315738043262880297e-02
2.063848616613408321e-02
5.028753773497973700e-02
5.341186887065764444e-02
5.611986324256750674e-02
1.414999321848685624e-03
-5.503306574174519905e-02
2.138408724767724978e-02
2.365194960612643574e-02
4.032174874109072799e-02
2.453556816890997000e-02
6.467763960343786422e-02
1.431823463049778332e-02
7.523174085857978199e-02
7.108390402469829186e-03
1.282921184731718699e-02
7.339952945077057866e-02
