-9.864133734146102173e-01
1.316901189010161177e-02
6.227148223605104109e-03
3.521013485501298113e-02
1.683799790238158650e-02
4.102730442925017762e-02
4.357630345395459986e-02
4.717867225333527426e-02
1.154433296184727850e-03
8.322042968598108992e-02
1.744629975871436062e-02
1.928332419714157489e-02
3.289667252642484302e-02
2.001744905299425795e-02
5.221245539055265755e-02
1.168159344310562564e-02
6.137814007147981282e-02
5.805170892309196272e-03
1.046676778690440283e-02
5.988332249653531558e-02
