9.026135117464552104e-01
-1.563386323957210999e-01
-6.787655656306655627e-02
-7.995274121770025444e-02
-1.398744551123946023e-01
-1.177200031527428636e-01
-4.181458322037596292e-02
-2.551111733426736014e-02
-6.016756349953051447e-02
-1.022936948380087918e-01
-4.743236773094380854e-02
8.451416652144450037e-02
-1.251352961259588614e-01
-5.895544895105817723e-02
-1.077909744212346421e-01
-1.155226574475920615e-01
-1.282363815415598074e-01
-5.135045736507735242e-02
-1.044435748237778766e-01
-1.282957486302091221e-01
