9.162373028689165810e-01
-1.359839828428091035e-01
-5.906253940153995824e-02
-6.954322172900240240e-02
-1.216633738626016203e-01
-1.023933408198005046e-01
-3.637049572161837885e-02
-2.218967503231988186e-02
-5.233400076096589304e-02
-8.897547467736821591e-02
-4.125686260291009516e-02
7.928444680865479044e-02
-1.088431930172418100e-01
-1.488285364062156002e-01
-9.333996199083173517e-02
-1.004820805296724462e-01
-1.115405298111185189e-01
-4.466483810359013484e-02
-9.084544909305376781e-02
-1.115921660473245119e-01
