9.111994930827820305e-01
-1.507581770422823098e-01
-6.553258889678077737e-02
-7.709885462507701237e-02
-1.348816828069882845e-01
-1.135180266607773852e-01
-4.032202553420800861e-02
-2.460050678477522512e-02
-5.801991942874590302e-02
-9.864235531218537578e-02
-4.573928328460089704e-02
5.538237265276423071e-02
-1.206686332143894341e-01
-6.508329813577144740e-02
-1.038409473807167943e-01
-1.113991144869581340e-01
-1.236590264141224360e-01
-4.951751981263937535e-02
-1.007154960445688641e-01
-1.237162712999517328e-01
