9.218777690934542024e-01
-1.340881727094055953e-01
-5.830178967063848888e-02
-6.857369022560030891e-02
-1.199672132471128194e-01
-1.009658318929490123e-01
-3.586343923908376363e-02
-2.188031918988364577e-02
-5.160440100467140329e-02
-8.773502990667980672e-02
-4.068168443556387237e-02
5.103367590375713914e-02
-1.073257639718465939e-01
-1.381966155732243240e-01
-9.212008944926627918e-02
-9.908121729412495970e-02
-1.099854960512457042e-01
-4.404214668148596912e-02
-8.957893421716349447e-02
-1.100364106290066951e-01
