9.174214894144884225e-01
-1.460593028341206634e-01
-6.353529931739940184e-02
-7.469581531748158143e-02
-1.306776516675429434e-01
-1.099798641084410028e-01
-3.906525702846350145e-02
-2.383375120379743750e-02
-5.621154413691167862e-02
-9.556784197004333792e-02
-4.431366735453580452e-02
3.150990872603152970e-02
-1.169075984984041527e-01
-7.003592546766414240e-02
-1.005456127297775226e-01
-1.079269948005514568e-01
-1.198047862615705395e-01
-4.797414349268103867e-02
-9.757636645495691707e-02
-1.198602459674173309e-01
