9.258179848477519069e-01
-1.324494399348363494e-01
-5.762490266016893209e-02
-6.773563005912124069e-02
-1.185010570234168725e-01
-9.973189739652585373e-02
-3.542514111395968918e-02
-2.161291302031627393e-02
-5.097373163085395370e-02
-8.666279311254118656e-02
-4.018450157573354165e-02
2.793083744246223007e-02
-1.060141027891689791e-01
-1.294215857799958791e-01
-9.104056322728865114e-02
-9.787031525301544133e-02
-1.086413294644995309e-01
-4.350389405633762335e-02
-8.848416250112800530e-02
-1.086916212580725655e-01
