-4.934688151941338252e-01
-1.955276013529040624e-01
-1.741706839109390809e-02
-4.483729287015324888e-02
-1.840478837679644653e-02
-3.150084581675941658e-02
-3.635665038268998811e-02
2.348943577017130191e-01
-3.711393180120104579e-02
7.580314190374839445e-01
-1.143469831186782679e-02
-1.465093893393208391e-01
1.383003329956464548e-03
-1.639480432454440417e-02
-1.483550694182478036e-01
-1.781922471583370247e-03
-4.734420363593875442e-02
-1.841683039153896029e-01
-9.557375276513648086e-05
-4.569642042146389305e-02
