-9.863461728609979051e-01
1.527435571006511596e-02
7.228640551445423765e-03
4.083896098908152555e-02
1.952978431561052525e-02
4.758608542409942938e-02
5.054257713182807449e-02
5.377574954061015156e-02
1.338985395530398800e-03
-1.364588976991389785e-02
2.023533162126866375e-02
2.237361680428072430e-02
3.815565976572522777e-02
2.321751462494885121e-02
6.093591904324028447e-02
1.354905741935391074e-02
7.119028308697385177e-02
6.800966087598244933e-03
1.214002511134382699e-02
6.945649828672166570e-02
