-9.875373987565466694e-01
1.400366656298612615e-02
6.626248990133585745e-03
3.744152439073310940e-02
1.790508078778813017e-02
4.362734836820705842e-02
4.633788638643769608e-02
4.955091470819406041e-02
1.227593776418555013e-03
4.600503974788064387e-02
1.855193286271438619e-02
2.051151722579714828e-02
3.498144984995073953e-02
2.128602489066277331e-02
5.576744664671433316e-02
1.242189692274273810e-02
6.526788772361952207e-02
6.236658689841416588e-03
1.113008351099101061e-02
6.367833832484086354e-02
