-9.866323166987841509e-01
1.514896957534306136e-02
7.169034385190581164e-03
4.050371277385186181e-02
1.936946374973483320e-02
4.719544986869782938e-02
5.012767165024960975e-02
5.338527104582610483e-02
1.327993625583447209e-03
-7.683693626938590572e-03
2.006921919709758056e-02
2.218969837109373983e-02
3.784243884807344388e-02
2.302692137400729963e-02
6.041538534769440305e-02
1.343783281403058277e-02
7.060587998835730905e-02
6.748926342785043983e-03
1.204036729310359495e-02
6.888632787781590050e-02
