-9.875811591405542211e-01
1.412078144853317133e-02
6.681872195010111516e-03
3.775465134000963868e-02
1.805482264298307812e-02
4.399220793847759270e-02
4.672541443814300782e-02
4.992261091211899759e-02
1.237860257295427500e-03
4.064290805268670065e-02
1.870708440194729719e-02
2.068323975431056450e-02
3.527400296713410766e-02
2.146404189570346593e-02
5.625085045930450223e-02
1.252578240152373359e-02
6.581372913635727406e-02
6.291768794646866204e-03
1.122316543411459346e-02
6.421088618818233951e-02
