9.277598032352274426e-01
-1.362303690612336471e-01
-5.930739862903851300e-02
-6.966922536769443175e-02
-1.218838127122828241e-01
-1.025788647716662227e-01
-3.643639452082762797e-02
-2.222987967942986753e-02
-5.242884044892282686e-02
-8.913668713322092652e-02
-4.133161712037064506e-02
-1.668706945557139540e-02
-1.090404032992075695e-01
-7.984760192652978761e-02
-9.371757091219588831e-02
-1.006641415192893324e-01
-1.117426273307234180e-01
-4.474576521600007878e-02
-9.101004970917274395e-02
-1.117943545294207697e-01
