9.319301114902409644e-01
-1.289036681988319499e-01
-5.611996196945478327e-02
-6.592229597805181196e-02
-1.153286940416923534e-01
-9.706199902297034388e-02
-3.447678327551569055e-02
-2.103431895764979256e-02
-4.960912833227364843e-02
-8.434276455187823818e-02
-3.910873240796465533e-02
-1.862297964427320207e-02
-1.031760250228024034e-01
-1.115174453903119284e-01
-8.865234843858674219e-02
-9.525025284245805524e-02
-1.057329188516692581e-01
-4.233926188737799357e-02
-8.611537450346479217e-02
-1.057818640688718836e-01
