-9.869845734743898369e-01
1.496477412300397172e-02
7.081632023702908590e-03
4.001122849860830333e-02
1.913395061616396733e-02
4.662160082297935049e-02
4.951816974655733061e-02
5.278979674012600209e-02
1.311846563167866266e-03
1.062142543329319330e-03
1.982519774340638433e-02
2.191970941598353137e-02
3.738231297829215649e-02
2.274693724644687859e-02
5.965942294729525280e-02
1.327444232705971006e-02
6.974738373572796080e-02
6.670201281769633402e-03
1.189396857669194896e-02
6.804873964365958094e-02
