9.329320021946453378e-01
-1.280929455648907311e-01
-5.577065964579756147e-02
-6.550768638479617656e-02
-1.146033494186342039e-01
-9.645154037103044475e-02
-3.425994609048527151e-02
-2.090202638000311641e-02
-4.929711832367317942e-02
-8.381230184899311764e-02
-3.886276320624275360e-02
-2.869888547921846736e-02
-1.025271130100491035e-01
-1.076029273073993708e-01
-8.809953227320325986e-02
-9.465118892936778827e-02
-1.050679255921290051e-01
-4.207297467924262652e-02
-8.557376320388528079e-02
-1.051165629702256465e-01
