9.310036138328972033e-01
-1.322503948773334770e-01
-5.758212875115240048e-02
-6.763383692741432862e-02
-1.183229735879414712e-01
-9.958202026146073527e-02
-3.537190419785113393e-02
-2.158043310080612689e-02
-5.089713050130923594e-02
-8.653255623269355545e-02
-4.012411269092065053e-02
-3.559351954084932768e-02
-1.058547847534673375e-01
-8.362839981462433236e-02
-9.096999811718216311e-02
-9.772323570445182184e-02
-1.084780632315086590e-01
-4.343851638710232582e-02
-8.835118846664112569e-02
-1.085282792079302616e-01
