-9.875796870034589947e-01
1.435260177398327459e-02
6.791787304485328094e-03
3.837446667258230526e-02
1.835122733760499031e-02
4.471442477868649984e-02
4.749250212831217927e-02
5.068620715310986902e-02
1.258182118041639014e-03
2.992335491074115880e-02
1.901419722986423880e-02
2.102295032659375063e-02
3.585309367792630098e-02
2.181641549190272561e-02
5.719662235902397973e-02
1.273141724940007186e-02
6.689418828416132667e-02
6.398184101834260978e-03
1.140741531510042553e-02
6.526503158126417681e-02
