-5.106784149898706548e-01
-9.097112850237540349e-02
2.596155851514480792e-02
9.613278166374951417e-02
3.933208128762075845e-02
1.017005543988258875e-01
1.069557971256462209e-01
-1.254829411673930306e-01
1.695298853142274825e-02
-7.309252019859753258e-01
4.246479769134369614e-02
1.502317358934314173e-01
6.817298489371968750e-02
4.999699907447092279e-02
2.260402090821092835e-01
2.654971897482096346e-02
1.521577454237361959e-01
-1.351894479581280950e-01
2.417462253030018896e-02
1.485596955533431129e-01
