9.320671684270219748e-01
-1.307891829393223460e-01
-5.694744111713993112e-02
-6.688656225935143973e-02
-1.170156433398137907e-01
-9.848175559341025564e-02
-3.498108609305295574e-02
-2.134199459562482332e-02
-5.033477684723116491e-02
-8.557647285530332881e-02
-3.968078824464418841e-02
-4.245274650372349301e-02
-1.046852133860405321e-01
-8.499060336689151507e-02
-8.996290167683970718e-02
-9.664350842827421073e-02
-1.072795077099517463e-01
-4.295857166728473536e-02
-8.737501133351131821e-02
-1.073291688578968256e-01
