9.341952350658236925e-01
-1.268751614254709226e-01
-5.524366489687737580e-02
-6.488490250594255992e-02
-1.135138113442576424e-01
-9.553457218380363714e-02
-3.393423557782548200e-02
-2.070331007973801388e-02
-4.882844891817746807e-02
-8.301549534701167798e-02
-3.849329355955193044e-02
-4.348326862458008063e-02
-1.015523841400201716e-01
-1.018334622884494722e-01
-8.726614906413399098e-02
-9.375133674662880501e-02
-1.040690411275029398e-01
-4.167298542894709579e-02
-8.476021042683916373e-02
-1.041172161065190283e-01
