9.328844689573659865e-01
-1.295986827556018517e-01
-5.642994416665349233e-02
-6.627773159867317299e-02
-1.159505159205269365e-01
-9.758533170350834618e-02
-3.466267299125985746e-02
-2.114773045303306592e-02
-4.987660776119985651e-02
-8.479751847721785085e-02
-3.931959640224067659e-02
-4.800952932966404130e-02
-1.037323229178186146e-01
-8.609045531211585722e-02
-8.914289820925894170e-02
-9.576381706577746789e-02
-1.063030028433533947e-01
-4.256754401260313958e-02
-8.657968587380709957e-02
-1.063522119536398636e-01
