-9.875469628829912638e-01
1.444225559940835388e-02
6.834244456257700627e-03
3.861417352070214276e-02
1.846585863402820313e-02
4.499373429771229282e-02
4.778916496122227048e-02
5.099120876178846878e-02
1.266041376971535019e-03
2.573978457497856295e-02
1.913296978053935157e-02
2.115428617520642360e-02
3.607705072087905723e-02
2.195269215313833122e-02
5.755852863340447934e-02
1.281094429343668933e-02
6.731204412481557597e-02
6.438608017003959183e-03
1.147867195545212646e-02
6.567271086307067962e-02
