-9.872765367087255051e-01
1.476413667337936851e-02
6.986588461366297770e-03
3.947478504411642414e-02
1.887741556458542511e-02
4.599652997317305730e-02
4.885426366229700390e-02
5.211314658439148567e-02
1.294258212884308226e-03
1.056909612735713183e-02
1.955939491848621148e-02
2.162576971570712853e-02
3.688111624268918670e-02
2.244196171698976255e-02
5.884714974595593034e-02
1.309646759432616867e-02
6.881225805034035803e-02
6.582165325263671096e-03
1.173450230109083885e-02
6.713638822786816007e-02
