9.348904331911354060e-01
-1.260575782511339227e-01
-5.488869880597190692e-02
-6.446678438131091260e-02
-1.127823286713091344e-01
-9.491894767615610684e-02
-3.371556346162234846e-02
-2.056989800927138887e-02
-4.851379853839839912e-02
-8.248054373439764331e-02
-3.824524288869169536e-02
-5.318610401792644299e-02
-1.008979808694811103e-01
-9.803029933778845129e-02
-8.670513659427014908e-02
-9.314720340299592616e-02
-1.033984205265941342e-01
-4.140444483102052875e-02
-8.421401587528215549e-02
-1.034462850660174960e-01
