-9.873106952968129235e-01
1.473527968315596279e-02
6.972928131208378996e-03
3.939763027658758215e-02
1.884051903410896914e-02
4.590662824037709117e-02
4.875877639488198495e-02
5.201357300644721821e-02
1.291728542578927334e-03
1.193454346326480210e-02
1.952116543690057826e-02
2.158349969970962609e-02
3.680903088625903097e-02
2.239809816365487607e-02
5.873122124824321083e-02
1.307087011706163128e-02
6.867776222554800025e-02
6.569368821591713842e-03
1.171156682985026107e-02
6.700516794584104874e-02
