-9.875156826705957513e-01
1.450084454603965331e-02
6.861979562155613548e-03
3.877082243414054635e-02
1.854077041970132386e-02
4.517626363724341204e-02
4.798303472671888725e-02
5.119332988294319348e-02
1.271177418688557419e-03
2.299440026289269884e-02
1.921058788430025574e-02
2.124010803048144436e-02
3.622340710456440488e-02
2.204174922879977364e-02
5.779391864625434833e-02
1.286291537868110291e-02
6.758511376769732459e-02
6.464872299613838059e-03
1.152523831504476647e-02
6.593913010401961095e-02
