9.343980297587087813e-01
-1.272027129110154808e-01
-5.538760081086198384e-02
-6.505241477521765681e-02
-1.138068680554178286e-01
-9.578121219346173720e-02
-3.402184302714292979e-02
-2.075675946962287841e-02
-4.895450851413428450e-02
-8.322981506505856830e-02
-3.859267105508910889e-02
-5.910858819228657218e-02
-1.018145602343131367e-01
-8.827739031299002004e-02
-8.749367494654569644e-02
-9.399337300713736520e-02
-1.043377144331144313e-01
-4.178057187952442797e-02
-8.497903444667233297e-02
-1.043860137844866837e-01
