-9.875024239217385924e-01
1.452203702858432567e-02
6.872010154128639983e-03
3.882748464888991641e-02
1.856786711379195334e-02
4.524228718255601106e-02
4.805316027080890756e-02
5.126696694331326493e-02
1.273035200478062371e-03
2.199914634207607300e-02
1.923866349342644513e-02
2.127115031278180649e-02
3.627634636000059976e-02
2.207396248221669965e-02
5.787885273181442997e-02
1.288171408419548289e-02
6.768388707168565555e-02
6.474349635784653126e-03
1.154208205184075429e-02
6.603549785986713438e-02
