-5.970150110033501933e-01
-9.075465103420357615e-02
-1.321122138929805775e-02
-3.031843033006641902e-02
-1.347208170985563988e-02
-3.025916481983572173e-02
-3.254930496334834666e-02
1.761375088975740966e-01
-6.240226021490290209e-03
7.459824883542210960e-01
-1.256719727312905453e-02
-9.255689714081452579e-02
-1.768455434371676155e-02
-1.490647744001734852e-02
-1.225586780002079906e-01
-7.825959764351415882e-03
-4.526932562678954997e-02
-1.270427760420064500e-01
-7.332317125672955203e-03
-4.414343244513054682e-02
