9.347033412264842411e-01
-1.266833536242647218e-01
-5.516154484690397736e-02
-6.478681056783955339e-02
-1.133422030143353132e-01
-9.539014457461528207e-02
-3.388293435354502309e-02
-2.067201115296617153e-02
-4.875463086976505878e-02
-8.288999387414711095e-02
-3.843510002800707565e-02
-6.149984637402129001e-02
-1.013988589007957797e-01
-8.874683139502563545e-02
-8.713633101766898870e-02
-9.360960500371090509e-02
-1.039117112472617704e-01
-4.160998488876919976e-02
-8.463207132215258555e-02
-1.039598133959458853e-01
