9.354218951996118303e-01
-1.253144214702403836e-01
-5.456549991935043947e-02
-6.408672846860774541e-02
-1.121174344739123557e-01
-9.435936482061131614e-02
-3.351679754880874940e-02
-2.044863073283962468e-02
-4.822779147103299635e-02
-8.199428994292859429e-02
-3.801977281432126349e-02
-6.185837242309212558e-02
-1.003031493670682867e-01
-9.461977887836130197e-02
-8.619448474773631907e-02
-9.259806564554734498e-02
-1.027888479930415822e-01
-4.116035007398804318e-02
-8.371754261431463284e-02
-1.028364303530070467e-01
