9.349452063763028509e-01
-1.262619045749014401e-01
-5.497808323159793231e-02
-6.457127838508661122e-02
-1.129651371856644354e-01
-9.507280149362268284e-02
-3.377021291016347321e-02
-2.060323969089485063e-02
-4.859243439927158487e-02
-8.261423618285958226e-02
-3.830723448049073304e-02
-6.343652689418527446e-02
-1.010615260826497053e-01
-8.912658295380398998e-02
-8.684638257132638872e-02
-9.329818540585986530e-02
-1.035660186943730410e-01
-4.147155716268131204e-02
-8.435051810317037435e-02
-1.036139608172579746e-01
