-9.874811377865684303e-01
1.455306427496651234e-02
6.886694434634844236e-03
3.891044201398579511e-02
1.860753853070551064e-02
4.533895017706918162e-02
4.815582887261622702e-02
5.137526381897371264e-02
1.275755120319920421e-03
2.053992854154451306e-02
1.927976810903090851e-02
2.131659790227008813e-02
3.635385305755116370e-02
2.212112489258939024e-02
5.800300793221187939e-02
1.290923667722479636e-02
6.782849795703370377e-02
6.488208105412042459e-03
1.156674243670471371e-02
6.617658685790002437e-02
