-9.873855124567491037e-01
1.466516511338653711e-02
6.939743430367754408e-03
3.921016536367708666e-02
1.875087058989743580e-02
4.568819169978619726e-02
4.852676853790382355e-02
5.176945517313529671e-02
1.285582137908428992e-03
1.524993048553988963e-02
1.942827828727131459e-02
2.148079781785953990e-02
3.663388325121172406e-02
2.229152176573112598e-02
5.845041600470767679e-02
1.300867527156059252e-02
6.835097427855436891e-02
6.538189187021567310e-03
1.165583992850137245e-02
6.668633866891915396e-02
