9.356061161436098894e-01
-1.250214346736519544e-01
-5.443798309099608795e-02
-6.393689283869735673e-02
-1.118553024097586196e-01
-9.413875136126201304e-02
-3.343843482702051062e-02
-2.040082156017817769e-02
-4.811503424835563564e-02
-8.180258619433310174e-02
-3.793088207604795870e-02
-6.524011807871918367e-02
-1.000686392598036795e-01
-9.328694055260261520e-02
-8.599303629836654861e-02
-9.238157012727039874e-02
-1.025485262890815513e-01
-4.106411662397368295e-02
-8.352180987788217215e-02
-1.025959974008513603e-01
