-9.873953123568520729e-01
1.465509011240020108e-02
6.934975539393744420e-03
3.918322789301512815e-02
1.873798870017020363e-02
4.565680381064839838e-02
4.849343054017580396e-02
5.173413548558995767e-02
1.284698940125348580e-03
1.572604524711268548e-02
1.941493101695196052e-02
2.146604041288093651e-02
3.660871569208106607e-02
2.227620744078490089e-02
5.841016239992122272e-02
1.299973828276627247e-02
6.830401700746745186e-02
6.533701308489201463e-03
1.164783234059139395e-02
6.664052500619201125e-02
