9.356696926007397330e-01
-1.249148016158271868e-01
-5.439156371531483902e-02
-6.388235989873390641e-02
-1.117598989858497316e-01
-9.405845870629717109e-02
-3.340991457716265683e-02
-2.038342132804376108e-02
-4.807399605964559480e-02
-8.173281527923643985e-02
-3.789853013614317978e-02
-6.646578414063403217e-02
-9.998328889548822873e-02
-9.280346763617725037e-02
-8.591970656591431388e-02
-9.230277620417201567e-02
-1.024610607839689796e-01
-4.102909229127491703e-02
-8.345057260560492796e-02
-1.025084914067632413e-01
