9.354137530920468846e-01
-1.254180136295345027e-01
-5.461068081864561136e-02
-6.413970627041433448e-02
-1.122101172393546731e-01
-9.443736773708896748e-02
-3.354450447503454918e-02
-2.046553475543625225e-02
-4.826765935695923743e-02
-8.206207117229805115e-02
-3.805120216075622008e-02
-6.730435870341766602e-02
-1.003860657601300943e-01
-8.988379950259976769e-02
-8.626586366546665219e-02
-9.267461257010825570e-02
-1.028738192085650871e-01
-4.119437560346373567e-02
-8.378674838415711701e-02
-1.029214409028649246e-01
