9.357199405543435988e-01
-1.248282617593246546e-01
-5.435388835062845286e-02
-6.383810277157868363e-02
-1.116824727281455765e-01
-9.399329584798095383e-02
-3.338676848738089675e-02
-2.036929987619064478e-02
-4.804069082546533892e-02
-8.167619151636511254e-02
-3.787227437367907817e-02
-6.745849971503001252e-02
-9.991402136784745258e-02
-9.241172572712835764e-02
-8.586019076827719476e-02
-9.223882966697892483e-02
-1.023900766781413174e-01
-4.100066770336869421e-02
-8.339275879583277207e-02
-1.024374744414246058e-01
