1.633810185622084632e-01
-1.580889231918242432e-01
8.306917413706317588e-02
-9.712695064715136384e-02
-1.683831888857339198e-01
-1.503332867964581043e-01
-5.048690665107694736e-02
-2.827240364031249203e-02
-6.014401976765892943e-02
-1.230786873194944508e-01
-5.725299867421523164e-02
7.746984306225268568e-01
-1.506242798645052727e-01
1.411653296485547437e-01
-3.438511818175756796e-01
-1.382929743312228954e-01
-1.543282165225342561e-01
-6.183007867233806382e-02
-1.276242349090894457e-01
-1.776961224572984055e-01
