-9.874092513869404675e-01
1.464031620309994008e-02
6.927984098161889086e-03
3.914372697895176362e-02
1.871909878932910207e-02
4.561077683480414813e-02
4.844454393906080097e-02
5.168224020423856091e-02
1.283403825221345485e-03
1.642407610870202234e-02
1.939535867534343191e-02
2.144440029616994509e-02
3.657181016361181480e-02
2.225375062435878959e-02
5.835117574207627361e-02
1.298663314640140232e-02
6.823515920143473357e-02
6.527118037257008398e-03
1.163609007102732462e-02
6.657334417926795422e-02
