9.357598218250003930e-01
-1.247580549936837674e-01
-5.432332199163916742e-02
-6.380219850873725118e-02
-1.116196595071769215e-01
-9.394043149498582101e-02
-3.336799087245889001e-02
-2.035784363509170539e-02
-4.801367145121116647e-02
-8.163025463351974986e-02
-3.785097398982611994e-02
-6.826254812099412372e-02
-9.985782703986799402e-02
-9.209433122225225976e-02
-8.581190553430946555e-02
-9.218695207286563276e-02
-1.023324897501814018e-01
-4.097760782711950406e-02
-8.334585646946525428e-02
-1.023798608556901468e-01
