-9.874141782731052919e-01
1.463495996952807361e-02
6.925449411798716842e-03
3.912940604887914231e-02
1.871225031256222235e-02
4.559408990190270961e-02
4.842682025816233415e-02
5.166339655243800538e-02
1.282934285454582395e-03
1.667710214308805450e-02
1.938826278548418797e-02
2.143655474830206964e-02
3.655843018228648045e-02
2.224560897737875437e-02
5.832980194647313654e-02
1.298188192112159113e-02
6.821019502405978319e-02
6.524730747814812097e-03
1.163183294874779380e-02
6.654898798530603510e-02
