-9.874516257996132085e-01
1.459154861386139507e-02
6.904906496677512204e-03
3.901333736358355425e-02
1.865674458139963271e-02
4.545884516893762550e-02
4.828317286025934213e-02
5.151035502113562869e-02
1.279128746069513930e-03
1.872658525922732062e-02
1.933075181358583083e-02
2.137296796414610983e-02
3.644998772541840903e-02
2.217962232313773485e-02
5.815669729153866846e-02
1.294337405403654315e-02
6.800786464239470808e-02
6.505376803600584727e-03
1.159732970184819412e-02
6.635158520506555246e-02
