-9.874181199846790991e-01
1.463062105906587709e-02
6.923396156880390687e-03
3.911780512959796285e-02
1.870670258446294199e-02
4.558057236074732760e-02
4.841246288120245461e-02
5.164812093338067012e-02
1.282553926573846374e-03
1.688205295828103941e-02
1.938251463609250505e-02
2.143019932721482862e-02
3.654759149495600407e-02
2.223901369418470469e-02
5.831249210957374640e-02
1.297803310818288793e-02
6.818997235659483847e-02
6.522796711474396734e-03
1.162838439256572501e-02
6.652925782541305177e-02
