9.358169655138911525e-01
-1.246549479259056459e-01
-5.427842942148606437e-02
-6.374946878634489555e-02
-1.115274107477781385e-01
-9.386279384315042440e-02
-3.334041368959338864e-02
-2.034101876904513204e-02
-4.797399025486016877e-02
-8.156279080364788048e-02
-3.781969181777885408e-02
-6.944127632590693655e-02
-9.977529891980958798e-02
-9.162886549240972789e-02
-8.574099000948921800e-02
-9.211076359496643551e-02
-1.022479164297885185e-01
-4.094374162915876553e-02
-8.327697476982305613e-02
-1.022952483851535393e-01
