9.357060683959514957e-01
-1.248714721298040398e-01
-5.437271080826697883e-02
-6.386020087686816726e-02
-1.117211325713142883e-01
-9.402583243127486667e-02
-3.339832560285393298e-02
-2.037635088356390400e-02
-4.805732052149295358e-02
-8.170446442864499892e-02
-3.788538418538074659e-02
-6.980221077753431813e-02
-9.994860746092081027e-02
-9.037195961106068987e-02
-8.588992457348794407e-02
-9.227075892679813263e-02
-1.024255198789383037e-01
-4.101486043517794944e-02
-8.342162591255843085e-02
-1.024729340493627933e-01
