-9.874458225554326729e-01
1.459862539837478157e-02
6.908255353132541736e-03
3.903225852054727912e-02
1.866579295348240464e-02
4.548089234569709094e-02
4.830658981338698671e-02
5.153528282516776915e-02
1.279749113293052187e-03
1.839273078958114302e-02
1.934012707379192605e-02
2.138333368583420976e-02
3.646766567828491068e-02
2.219037926278279171e-02
5.818492446436857729e-02
1.294965148705475022e-02
6.804084791346620698e-02
6.508532314678466477e-03
1.160295431410845492e-02
6.638376519384113494e-02
