9.357473791323160928e-01
-1.247928948510118735e-01
-5.433849644794760958e-02
-6.382001587125848974e-02
-1.116508303443019684e-01
-9.396666524182319125e-02
-3.337730919696613868e-02
-2.036352875392263145e-02
-4.802707971942494353e-02
-8.165305064797537260e-02
-3.786154422942834136e-02
-7.016087358042137623e-02
-9.988571327492787311e-02
-9.044199891649823408e-02
-8.583587638188254487e-02
-9.221269614412336280e-02
-1.023610670580202137e-01
-4.098905120855422801e-02
-8.336913158182922279e-02
-1.024084513923546047e-01
