-9.874436905354907479e-01
1.460119001190801451e-02
6.909468967370144266e-03
3.903911551260660223e-02
1.866907206668041649e-02
4.548888220151087181e-02
4.831507607360655682e-02
5.154432272713019986e-02
1.279973933219963333e-03
1.827171233533608774e-02
1.934352465063727752e-02
2.138709020348078180e-02
3.647407213549380689e-02
2.219427755768464336e-02
5.819515150376915191e-02
1.295192641709424358e-02
6.805280098949960388e-02
6.509675793269294360e-03
1.160499266312058422e-02
6.639542716186593030e-02
