2.099602923582576941e-01
-1.392529309245556235e-01
7.009254389458093037e-02
-7.941116364644940084e-02
-1.396129106145890530e-01
-1.218266979305391573e-01
-4.166111787309693254e-02
-2.695911063127382976e-02
-5.183291980345540451e-02
-1.020882838652078795e-01
-4.723250688825579580e-02
7.965907224862132097e-01
-1.249038967743165279e-01
-3.932146986534467703e-01
7.201616328287978319e-02
-1.150043592009676596e-01
-1.280114647489039581e-01
-5.125215861870527356e-02
-1.035090281889955027e-01
-1.423198465235880894e-01
