-9.874258622667076990e-01
1.462195290585357674e-02
6.919294247634279714e-03
3.909462913954081520e-02
1.869561948939502463e-02
4.555356739744910455e-02
4.838378011756939989e-02
5.161757535861619117e-02
1.281794056306290305e-03
1.729144972543261022e-02
1.937103114500703799e-02
2.141750264909148688e-02
3.652593827043858210e-02
2.222583782302962538e-02
5.827792231013589203e-02
1.297034405801046099e-02
6.814957208065659799e-02
6.518932582809265110e-03
1.162149496407734010e-02
6.648984146724153110e-02
