-9.874419525102707818e-01
1.460326710835301023e-02
6.910451879486080931e-03
3.904466903310599424e-02
1.867172784084604464e-02
4.549535323540812581e-02
4.832194914851827700e-02
5.155164650254914771e-02
1.280156016276495301e-03
1.817368707693558724e-02
1.934627636924738520e-02
2.139013263032469442e-02
3.647926076501682019e-02
2.219743481096169910e-02
5.820343352905282819e-02
1.295376889707668643e-02
6.806248186009247747e-02
6.510601880895048287e-03
1.160664353465811621e-02
6.640487226227276274e-02
