-9.874275077778946752e-01
1.462008475016513681e-02
6.918410209853578796e-03
3.908963426270838787e-02
1.869323086674503850e-02
4.554774730237631797e-02
4.837759842387655967e-02
5.161098743939505906e-02
1.281630289477528935e-03
1.737967395990542424e-02
1.936855622922407927e-02
2.141476626824987545e-02
3.652127157921102041e-02
2.222299816641011561e-02
5.827047373976228933e-02
1.296868691807922386e-02
6.814086503505421832e-02
6.518099738325240644e-03
1.162001015817863171e-02
6.648134647506367956e-02
