-9.874405374333057317e-01
1.460494939982938563e-02
6.911247963273543099e-03
3.904916696589220276e-02
1.867387881763520052e-02
4.550059428485239699e-02
4.832751582086434322e-02
5.155757968215160525e-02
1.280303489820506417e-03
1.809428641761430881e-02
1.934850505380092053e-02
2.139259676654908793e-02
3.648346316363038772e-02
2.219999194801212591e-02
5.821014075767473595e-02
1.295526116691198167e-02
6.807032263519059712e-02
6.511351929208467407e-03
1.160798061610316192e-02
6.641252208130074552e-02
