-9.874288346808769434e-01
1.461857149518481884e-02
6.917694116799392480e-03
3.908558828180350858e-02
1.869129601990995870e-02
4.554303287310825649e-02
4.837259109026654375e-02
5.160564987270688936e-02
1.281497634061939820e-03
1.745113553749225166e-02
1.936655148269378693e-02
2.141254972823427097e-02
3.651749143723172220e-02
2.222069797026024821e-02
5.826444067299470231e-02
1.296734459138260132e-02
6.813381210033192525e-02
6.517425102884289931e-03
1.161880742655677611e-02
6.647446530916273355e-02
