-9.874393864461832315e-01
1.460631195389944410e-02
6.911892742354959832e-03
3.905281001866323098e-02
1.867562097838428720e-02
4.550483921704870371e-02
4.833202448786308447e-02
5.156238614113707597e-02
1.280422934447338979e-03
1.802997175444810349e-02
1.935031015312642030e-02
2.139459256741190266e-02
3.648686685164480997e-02
2.220206307394046244e-02
5.821557283020042939e-02
1.295646981497699038e-02
6.807667318750115770e-02
6.511959415641062690e-03
1.160906357098377695e-02
6.641871797077546213e-02
