9.358469836908773765e-01
-1.246020149328588844e-01
-5.425538229337867335e-02
-6.372239845946135739e-02
-1.114800521811438738e-01
-9.382293631084612229e-02
-3.332625614578649254e-02
-2.033238123782009354e-02
-4.795361876592341838e-02
-8.152815629687279464e-02
-3.780363221070091873e-02
-7.103165929778783305e-02
-9.973293072430801376e-02
-9.061198773323758671e-02
-8.570458334337925643e-02
-9.207165003798346847e-02
-1.022044982715888117e-01
-4.092635543769965190e-02
-8.324161235862485853e-02
-1.022518101280960323e-01
