-9.874384510134648352e-01
1.460741555623952005e-02
6.912414981677842719e-03
3.905576071372297842e-02
1.867703204361959024e-02
4.550827740508711639e-02
4.833567628822817153e-02
5.156627974226463129e-02
1.280519678769328432e-03
1.797787679379752104e-02
1.935177219553888689e-02
2.139620906875042139e-02
3.648962367292635928e-02
2.220374058492615224e-02
5.821997230342109558e-02
1.295744876095952965e-02
6.808181682513339550e-02
6.512451445964574995e-03
1.160994071161745855e-02
6.642373633905410135e-02
