9.358612063445735929e-01
-1.245745924179753883e-01
-5.424344175184237643e-02
-6.370837438110991957e-02
-1.114555175587158692e-01
-9.380228768113665905e-02
-3.331892167566848778e-02
-2.032790647047856211e-02
-4.794306509369720276e-02
-8.151021351255524627e-02
-3.779531235594170424e-02
-7.115670403832240198e-02
-9.971098141812197169e-02
-9.063639144246765644e-02
-8.568572137110125331e-02
-9.205138683281080536e-02
-1.021820050207651737e-01
-4.091734833142033484e-02
-8.322329247547481657e-02
-1.022293064648398253e-01
