-9.874376912570361764e-01
1.460830943084342678e-02
6.912837974882997914e-03
3.905815066097297061e-02
1.867817495110762546e-02
4.551106220252666701e-02
4.833863410327288862e-02
5.156943379288116136e-02
1.280598037875102339e-03
1.793567982161343652e-02
1.935295639254071970e-02
2.139751837141451452e-02
3.649185659002123633e-02
2.220509930301999349e-02
5.822353555016747395e-02
1.295824166880377853e-02
6.808598296984350040e-02
6.512849968943012005e-03
1.161065116112271374e-02
6.642780102050178936e-02
