2.188111407535135999e-01
-1.910242511253448239e-01
2.758609851322049722e-02
-1.026275545689661894e-01
-1.792389144842679305e-01
-1.530089300265037588e-01
-5.361991743085310624e-02
-3.177831382701736679e-02
-7.162913516664984326e-02
-1.310787555149444672e-01
-6.086126945339856431e-02
7.694251606555838618e-01
-1.603513309441341739e-01
1.328593974001953670e-01
-2.869755300329944192e-01
-1.479164914887865501e-01
-1.643206419177764832e-01
-6.580224768458964313e-02
-1.341237924033122364e-01
-1.731022137119483939e-01
