9.358727117359928460e-01
-1.245523781849102313e-01
-5.423376903713371389e-02
-6.369701385687109862e-02
-1.114356427287413603e-01
-9.378556078811500774e-02
-3.331298022101696760e-02
-2.032428158322588732e-02
-4.793451585102116025e-02
-8.149567855125201821e-02
-3.778857266800734332e-02
-7.125798915764182395e-02
-9.969320088248152800e-02
-9.065615700089203755e-02
-8.567044180966826294e-02
-9.203497216171792339e-02
-1.021637838503761109e-01
-4.091005191973157151e-02
-8.320845203666929479e-02
-1.022110768596223990e-01
