-9.874370745052637455e-01
1.460903344106884681e-02
6.913180585942649975e-03
3.906008644283727460e-02
1.867910067011165076e-02
4.551331780058613663e-02
4.834102984013341486e-02
5.157198872169559828e-02
1.280661506278373820e-03
1.790150023910127772e-02
1.935391555474812175e-02
2.139857886525668371e-02
3.649366518241452945e-02
2.220619982180540436e-02
5.822642156905061955e-02
1.295888389913960742e-02
6.808935741560745436e-02
6.513172758697322214e-03
1.161122660280569825e-02
6.643109328422457105e-02
