9.358820212886410639e-01
-1.245343833473263467e-01
-5.422593356442379636e-02
-6.368781116290704591e-02
-1.114195429454921116e-01
-9.377201101926521676e-02
-3.330816729269516635e-02
-2.032134521098290930e-02
-4.792759046075587004e-02
-8.148390437623677374e-02
-3.778311312369677516e-02
-7.134002936592845345e-02
-9.967879760103288966e-02
-9.067216615388201673e-02
-8.565806446975347821e-02
-9.202167531102567466e-02
-1.021490236288200709e-01
-4.090414139637928159e-02
-8.319643040687928204e-02
-1.021963098053585151e-01
