9.359062703017220208e-01
-1.244873166504784079e-01
-5.420543934304480893e-02
-6.366374090359112892e-02
-1.113774328895396903e-01
-9.373657069590360380e-02
-3.329557875794366545e-02
-2.031366493370622556e-02
-4.790947664102000736e-02
-8.145310823687204604e-02
-3.776883332173713859e-02
-7.135231207807754550e-02
-9.964112485859216717e-02
-9.087379498946568379e-02
-8.562569071661592368e-02
-9.198689651195918193e-02
-1.021104172857425496e-01
-4.088868202868353036e-02
-8.316498703306118845e-02
-1.021576855908780945e-01
