9.358895555868391725e-01
-1.245198066705962697e-01
-5.421958645560849555e-02
-6.368035654186168792e-02
-1.114065013531601173e-01
-9.376103506022309686e-02
-3.330426859119566679e-02
-2.031896660941201818e-02
-4.792198056432549202e-02
-8.147436673288982467e-02
-3.777869063240516662e-02
-7.140648144850561541e-02
-9.966713025607626397e-02
-9.068513294463996510e-02
-8.564803823692399010e-02
-9.201090422775441702e-02
-1.021370671453517426e-01
-4.089935359055386216e-02
-8.318669231336212055e-02
-1.021843477870707922e-01
