-9.874361681023476889e-01
1.461009486722568244e-02
6.913682866491288430e-03
3.906292437168492476e-02
1.868045780890644283e-02
4.551662459197605703e-02
4.834454208026400801e-02
5.157573473103488348e-02
1.280754553339036317e-03
1.785138949725369184e-02
1.935532172253395106e-02
2.140013358901638948e-02
3.649631664672526449e-02
2.220781322363857627e-02
5.823065242648625683e-02
1.295982543290974918e-02
6.809430447971367983e-02
6.513645978875389798e-03
1.161207022190471547e-02
6.643591986637485680e-02
