-9.874328607150287818e-01
1.461394199034059954e-02
6.915503374266090270e-03
3.907321040203945439e-02
1.868537673802270899e-02
4.552861000755152598e-02
4.835727214170488369e-02
5.158931440770102989e-02
1.281091801008642488e-03
1.766974448972698578e-02
1.936041835648960943e-02
2.140576866184643740e-02
3.650592683917489728e-02
2.221366097427682901e-02
5.824598618019119489e-02
1.296323800787530997e-02
6.811223503903855725e-02
6.515361149281637294e-03
1.161512790661989834e-02
6.645341374066532358e-02
