-9.874358389027061422e-01
1.461047960638520507e-02
6.913864929995476062e-03
3.906395304650381317e-02
1.868094973614594159e-02
4.551782321717657426e-02
4.834581517524774719e-02
5.157709267141066811e-02
1.280788280459557206e-03
1.783322502926456415e-02
1.935583142149755603e-02
2.140069713562555917e-02
3.649727773303717421e-02
2.220839803951228306e-02
5.823218595750322829e-02
1.296016671422175158e-02
6.809609766077871773e-02
6.513817508375459656e-03
1.161237601171499594e-02
6.643766937588890809e-02
