-9.874331597860324106e-01
1.461359576721171435e-02
6.915339537046992328e-03
3.907228470730423481e-02
1.868493405735497520e-02
4.552753137607611078e-02
4.835612649557626680e-02
5.158809238562004490e-02
1.281061450292043458e-03
1.768609256213024561e-02
1.935995968321551491e-02
2.140526153158580150e-02
3.650506196669751208e-02
2.221313470400615789e-02
5.824460617985802169e-02
1.296293089205216575e-02
6.811062137236692515e-02
6.515206792364679027e-03
1.161485272926330789e-02
6.645183937360910065e-02
