9.359134743460442163e-01
-1.244734207389182196e-01
-5.419938866145153356e-02
-6.365663443092396678e-02
-1.113650003703170466e-01
-9.372610734002619071e-02
-3.329186213499591568e-02
-2.031139741843658586e-02
-4.790412873997908216e-02
-8.144401602395576201e-02
-3.776461737121550311e-02
-7.151043330666209674e-02
-9.963000240615246805e-02
-9.081129601628945558e-02
-8.561613274782288452e-02
-9.197662846367112011e-02
-1.020990191982413392e-01
-4.088411782467810118e-02
-8.315570373147024297e-02
-1.021462822270466086e-01
