2.788161023945289196e-01
-1.435374448024596683e-01
3.031114836887146072e-02
-7.595758696792012654e-02
-1.330194350951917348e-01
-1.130232668094552501e-01
-3.974665250179070658e-02
-2.481470262683139680e-02
-5.359550165370453173e-02
-9.727975253276098522e-02
-4.505027369012330057e-02
7.933308986853475631e-01
-1.190026884760878451e-01
-3.854758201027308484e-01
2.122970225305461506e-02
-1.098157410723168415e-01
-1.219533552765801748e-01
-4.883379152269707452e-02
-9.921410248504931861e-02
-1.272900398497603947e-01
