5.540334969467182180e-01
-1.232633430024468457e-01
9.813751609311881230e-02
-1.127698539644791109e-01
-2.519958125594183307e-01
-1.238842383205645270e-01
-8.249185721142276995e-02
-2.534007139393258945e-01
6.808430821908494079e-02
-3.464388752692922346e-01
-1.616424045125207654e-01
-7.922138407435484753e-02
-2.870570410138104656e-01
-2.528658496570880820e-01
8.420332113855855116e-02
-2.468659290273636786e-01
-3.091240816283616355e-01
-6.227251051442250773e-02
-1.816757712941489689e-01
-4.197401529166417539e-02
