7.092981363642095749e-01
-6.854263851159846377e-01
-4.730693544918641164e-02
-4.403322075858185497e-02
-4.646865685403331336e-02
-2.397269717678767592e-02
-4.783189060518377306e-02
-2.210545588679097180e-03
-3.313817394344995698e-02
-4.773818075560778973e-02
-6.359441083441974216e-03
-3.095180532449321939e-02
-3.818528927803625100e-02
-4.953083784330125638e-02
-3.220593549586918403e-02
-4.174718291989917840e-02
-9.179202887237818825e-03
-4.400738418571007587e-02
-5.332164079350328739e-02
-4.418197725054710118e-02
