8.484231805490271006e-01
-1.496957542841876598e-01
-5.789270516306146280e-02
-1.624079955221629235e-01
-1.517316065856658402e-01
-1.366652469696148509e-01
-1.005492182597801792e-01
-1.733001350223186132e-01
-7.242017537700938534e-02
-1.656118864450606964e-01
-1.118484876700985980e-01
-6.269145502958207994e-02
-6.185699761935994911e-02
-1.515631516476589613e-01
7.155993572776651662e-04
-1.293706945747190584e-01
-1.725061650279448577e-01
-4.598621656930672319e-02
-1.303288975948897199e-01
-6.850135321516788445e-02
