8.535463595977571538e-01
1.346565211589946798e-01
-6.950904040910602100e-02
-1.617046980601717643e-01
-1.508618172918324563e-01
-1.365110191875184287e-01
-9.997290515233671349e-02
-1.723074980265185130e-01
-7.200933389437358390e-02
-1.533300290015435496e-01
-1.112073251669673524e-01
-6.236828930247943076e-02
-6.138824300337053508e-02
-1.506943280082785885e-01
-1.251841256787831341e-02
-1.286283620257150651e-01
-1.715172849049147463e-01
-4.572597652849370864e-02
-1.295817978369289136e-01
-6.953597176147131853e-02
