3.385667328623463423e-01
7.619237741235750372e-01
-8.332585639087190799e-02
-2.650834897697704751e-01
-1.250150889373265010e-02
-2.946696035509267439e-02
-4.003595874475780053e-02
-1.629811267270036002e-01
-1.176241935741752509e-01
-1.748962165485103484e-02
-1.321522455493531756e-01
-5.291960307345295461e-02
-1.583729480127026024e-01
-6.409524634817551081e-02
-3.818371880799790313e-02
-2.607344521645731938e-01
-5.077400880120548632e-02
-1.935872983077467913e-01
2.084844581683358358e-02
-1.578498644204794910e-01
