4.694535628957326456e-01
-7.978444286095712767e-01
6.350963730314208855e-02
8.192598623978135375e-02
-3.525625371722963396e-04
2.221151108743909044e-02
3.017865035037929633e-02
1.228533192538619895e-01
8.866281965944380894e-02
1.385312542236526341e-02
9.961485965508257157e-02
3.029901247349759200e-02
1.193797268448119203e-01
4.831426770637013701e-02
2.871591380080132372e-02
2.029956573964132593e-01
3.827251607735233235e-02
1.459238790537279173e-01
-3.724558737825823390e-02
1.189854324858584250e-01
