7.340147602304185614e-01
-6.508071713328932306e-01
-1.282853373819893908e-02
-1.194060334207196379e-02
-1.260121197856452387e-02
-6.500834042975817822e-03
-1.753044561171810123e-01
-5.181593043793900977e-04
-2.605145468108182108e-02
-1.294547714305693299e-02
-1.750542876897181284e-03
-8.393404952196854493e-03
-6.301115178652079429e-02
-1.339664751250383735e-02
-8.733514116280736289e-03
-7.456236102573762618e-03
-3.367199163970659940e-03
-1.193375803478620607e-02
-1.445952803152599983e-02
-2.945985388960375290e-02
