5.877304881895798472e-01
5.320470046419649712e-01
-1.555955964782464451e-01
-1.448281970013675091e-01
-1.528384435435533040e-01
-7.884776480722532899e-02
-2.958835353116700539e-01
-7.311443413713612782e-03
-9.614111346097263533e-02
-1.570139904668798325e-01
-2.092967671032765556e-02
-1.018025067221863672e-01
-1.705390927527809797e-01
-1.628926051860195845e-01
-1.059274281526602357e-01
-1.398317391543255350e-01
-3.072001318906458084e-02
-1.447431615299586971e-01
-1.753783388422275047e-01
-1.593589897444911974e-01
