3.388657545472468779e-01
7.650157235342627260e-01
-9.019009771631614214e-02
-2.451841426623109499e-01
-7.235491072677529938e-03
-3.170744442563711019e-02
-4.308116188097418919e-02
-1.753777477367153281e-01
-1.265699189365467603e-01
-2.480258373289009888e-02
-1.422039701814911128e-01
-1.088872803032120973e-01
-1.704190636983229923e-01
-6.897043983251302524e-02
-4.103441329190204989e-02
-1.963549002500924456e-01
-5.463512954736955002e-02
-2.083118250034977359e-01
-4.273140520300326185e-03
-1.698561936628386337e-01
