8.767602442010296038e-01
1.372496224681145627e-01
-1.022417286378494300e-01
-1.481166345580756660e-01
-1.379493770885661386e-01
-1.258356827938665601e-01
-9.141613059699747745e-02
-1.575598923103151972e-01
-6.584811792962118326e-02
-9.748694770416001243e-02
-1.016889595386219758e-01
-5.707025605876846208e-02
-5.602921289130857047e-02
-1.377962234095900240e-01
-6.131887007547867641e-02
-1.176185472178927771e-01
-1.568369184179124187e-01
-4.181478382894851520e-02
-1.184907395384301454e-01
-6.686210768103693913e-02
