3.387453063514010987e-01
7.652721030003525327e-01
-9.156951846124336547e-02
-2.375622369696402392e-01
-6.599638339463054573e-03
-3.217996122995010755e-02
-4.372318225070689207e-02
-1.779913282781786787e-01
-1.284561301025335112e-01
-2.588786698647855405e-02
-1.443231759207798670e-01
-1.251296166086496020e-01
-1.729587470658147941e-01
-6.999827718295956180e-02
-4.164336633210249938e-02
-1.795125690502493987e-01
-5.544932786730927265e-02
-2.114162080122058418e-01
-1.405817051146363017e-02
-1.723874888158825891e-01
