4.710667666638237994e-01
-8.143792546413174405e-01
5.936503590982285250e-02
1.118389132639188294e-01
3.585509394179531642e-03
2.085610416359650124e-02
2.833736329135248810e-02
1.153576814973632514e-01
8.325350101229518629e-02
1.677690416578057897e-02
9.353706791007403154e-02
7.371491121550169390e-02
1.120960231558135456e-01
4.536647398921298674e-02
2.698845078098167580e-02
1.215268340175731238e-01
3.593717699212860966e-02
1.370206280402517518e-01
-1.506314504776935098e-02
1.117257858645604035e-01
