6.435643937837263184e-01
1.086043488153765196e-01
9.849872412266419408e-02
-1.480720400027306649e-01
-2.263294630915397843e-01
-1.310911767534009009e-01
-1.268734761908506259e-01
-2.452499320433269847e-01
-3.598626351768844517e-02
-3.348596348368014786e-01
-1.641937506645593237e-01
-7.853969876473045064e-02
-1.927407415436035998e-01
-2.261409791421312432e-01
1.035799351362187148e-01
-2.051369423404673653e-01
-2.622118306133776611e-01
-6.163427060631933296e-02
-1.886828748000401457e-01
-4.405100777731864314e-02
