3.241592101339727527e-01
8.501907651558457957e-01
5.201628456213348156e-03
3.055737690758947300e-02
9.103751057685421921e-02
6.864476152036540213e-02
4.643565063688510214e-02
4.045611124750396470e-02
6.605497213738577289e-02
2.876722903420668789e-02
1.026509612218676204e-01
8.382462143612856575e-02
7.010678121928286266e-02
9.180310188288832995e-02
3.885009325549758624e-03
3.100279187929377844e-02
4.648884297321650289e-02
8.736346855674236023e-02
3.453942641737148961e-02
-3.260100677399907498e-01
