4.705664294198267372e-01
-8.170585815815341046e-01
5.824933091326903872e-02
1.159163267730542318e-01
3.711940655906933312e-03
2.046611172697241493e-02
2.780747751121912317e-02
1.132005861308542916e-01
8.169672804196906335e-02
1.664937743047007271e-02
9.178800037364442943e-02
8.033455521553632683e-02
1.099999181629435635e-01
4.451815760866217886e-02
2.648409633474712102e-02
1.099887525840027303e-01
3.526518068553136098e-02
1.344584530871247852e-01
-8.874222654147221820e-03
1.096366040096656141e-01
