8.860816722237599974e-01
-1.516113446705291135e-01
-1.102335841486001972e-01
-1.396659552198948606e-01
-1.300721419886992636e-01
-1.187262221354107444e-01
-8.619605373263392045e-02
-1.485628512522794153e-01
-6.208803905393824735e-02
-7.045882314069114305e-02
-9.588227988371998689e-02
-5.381254355341898166e-02
-5.282812998445310382e-02
-1.299277337463547732e-01
-8.287210446387753560e-02
-1.109022498069651003e-01
-1.478811601187766944e-01
-3.942708283027928501e-02
-1.117246385802358882e-01
-6.361186004842725450e-02
