-3.250573249939714415e-01
-8.732524808456179066e-01
-4.184935378375712577e-03
-2.458473317873366426e-02
-8.495383920058802163e-02
-4.522953789470034180e-02
-4.470301808280680717e-02
-3.253801798474711959e-02
-5.314408596122729284e-02
-2.314448168232469821e-02
-8.273252247773442425e-02
-6.744053851788972542e-02
-5.640394185366429808e-02
-7.282981826055694163e-02
-3.140638973593715914e-03
-2.494308881463548622e-02
-3.740551745940301487e-02
-7.288264440457239979e-02
-2.781725001553693802e-02
2.957543765666901248e-01
