7.155506052410847140e-01
-6.804333251334966359e-01
-4.090964548090860603e-02
-3.807863336061729359e-02
-4.018472682328844137e-02
-2.073088297543541209e-02
-7.378994966001745093e-02
-1.911534222280004188e-03
-2.963196280927614390e-02
-4.128257372987439999e-02
-5.499483256519088412e-03
-2.676621029868236912e-02
-4.353965691792992948e-02
-4.283277618348754756e-02
-2.785074516055686261e-02
-3.604894623593545011e-02
-7.943291117249793101e-03
-3.805629065761900742e-02
-4.611098564291227220e-02
-4.011146991159404013e-02
