4.695532288307461277e-01
-8.207681116520614273e-01
5.650632830133626300e-02
1.201911370855239802e-01
3.717005397141865189e-03
1.985447672005863362e-02
2.697644392197394436e-02
1.098175576141886961e-01
7.925520041260504522e-02
1.626343317863962121e-02
8.904489246788881152e-02
8.796775035144291377e-02
1.067125424284582902e-01
4.318772106370111219e-02
2.569270795694264878e-02
9.694011481959151355e-02
3.421127171126370214e-02
1.304401277703683137e-01
1.999930285949633787e-03
1.063600860117261820e-01
