8.889812596609415474e-01
-1.516172876439975670e-01
-1.137660889428518118e-01
-1.369629663511702233e-01
-1.275544904855770434e-01
-1.164367701737124006e-01
-8.452765940219213181e-02
-1.456872971212377077e-01
-6.088627486709178444e-02
-5.734590923531010520e-02
-9.402640081245040860e-02
-5.277101528504646311e-02
-5.180554567650708098e-02
-1.274128773815522975e-01
-9.498433949764842343e-02
-1.087556470667739167e-01
-1.450188006668285401e-01
-3.866394016731006938e-02
-1.095621178439989407e-01
-6.250791879502370918e-02
