-3.257652009567563733e-01
-8.962624953703904884e-01
-3.142917978757764352e-03
-1.846331972284699641e-02
-6.336333105670528820e-02
-3.491323333328578971e-02
-3.931232753526001100e-02
-2.443302330369429703e-02
-3.991160869418663992e-02
-1.738168000497080506e-02
-6.218990352510306296e-02
-5.064835220991804887e-02
-4.235978501381149064e-02
-5.389084123582780356e-02
-2.356642216236706864e-03
-1.873244750357328306e-02
-2.809239769662761829e-02
-5.676374242427389971e-02
-2.088711869394666021e-02
2.550157158557786463e-01
