8.899004614946671721e-01
-1.516069982874446720e-01
-1.147370050017720994e-01
-1.360275123037869849e-01
-1.266832723574274067e-01
-1.156425798690845774e-01
-8.395032159996423937e-02
-1.446922289444697862e-01
-6.047041160599259807e-02
-5.259579358040963187e-02
-9.338418504567792822e-02
-5.241058463769478898e-02
-5.145170259733539836e-02
-1.265426264941711954e-01
-9.942375041471906982e-02
-1.080128281279108537e-01
-1.440282984306274217e-01
-3.839985911741496116e-02
-1.088137905772693648e-01
-6.210712646110005258e-02
