-3.257288432895208974e-01
-9.050830492479228218e-01
-2.698349317643264616e-03
-1.585166603528900126e-02
-5.424643419967598024e-02
-3.027822310912125017e-02
-3.559405152055484384e-02
-2.097649330873999768e-02
-3.426607465224722204e-02
-1.492302525802612599e-02
-5.340323841437212560e-02
-4.348409584636246661e-02
-3.636795416236449779e-02
-4.600956691775865554e-02
-2.023079736664975224e-03
-1.608272544198998538e-02
-2.411874726299164870e-02
-4.938553091284324931e-02
-1.793220662665138271e-02
2.360431000487230035e-01
