2.293717952876102861e-01
4.918585560815414426e-01
1.213212361800284772e-01
-1.870247171563583222e-01
-2.796644209246539337e-01
-6.854601344797985052e-02
1.916686287954452944e-03
8.994574406867149319e-03
-7.434531832355655012e-02
2.714481734404223801e-01
1.653631369950163757e-02
2.736650307444710717e-01
-3.717237431029469900e-03
3.840740840207681681e-03
-2.643956295743017659e-02
-6.340236661958653652e-01
-6.804881174924609644e-02
-1.269455858134232659e-02
1.036489435797981196e-01
1.206117063585540258e-02
