3.259366339491914233e-01
9.089371048468093406e-01
2.536901957049111228e-03
1.490323077315155488e-02
4.526560225843573315e-02
3.154846046433468915e-02
3.436690113870800173e-02
1.972130037192258711e-02
3.221587037574557416e-02
1.403015233596410956e-02
5.021129812616310917e-02
4.088235986788822662e-02
3.419199044583165481e-02
4.313017195083273386e-02
1.901793391713133864e-03
1.512046545704574460e-02
2.267568653694129743e-02
4.674961669349778776e-02
1.685882435003994290e-02
-2.260156683352588236e-01
