8.889781482339798035e-01
1.384245829245039361e-01
-1.179039927455790143e-01
-1.375831821938982846e-01
-1.281320686505567630e-01
-1.169657066346904556e-01
-8.491040821975003039e-02
-1.463469822598789383e-01
-6.116197337696425984e-02
-4.774963777677085353e-02
-9.445216078243785784e-02
-5.300997277826603737e-02
-5.204012230703213004e-02
-1.279898143097049357e-01
-1.069205633742772443e-01
-1.092481023838500209e-01
-1.456754587935463752e-01
-3.883901397136921979e-02
-1.100582249330926687e-01
-6.283754837164984286e-02
