8.911167010497640373e-01
-1.515808252052762428e-01
-1.158109649281771902e-01
-1.347087741547726425e-01
-1.254551139195295706e-01
-1.145221143508680234e-01
-8.313644701400996206e-02
-1.432894787741548770e-01
-5.988416809593973683e-02
-4.563943606985024909e-02
-9.247885182609963395e-02
-5.190248046467526438e-02
-5.095289207631817363e-02
-1.253158315780746046e-01
-1.059856566118196897e-01
-1.069656743577342695e-01
-1.426319848785543298e-01
-3.802758336487416929e-02
-1.077588717030547455e-01
-6.152803960154275276e-02
