5.674523083322254857e-01
5.194659536946387712e-01
-1.828176409726411378e-01
-1.701663713169132564e-01
-1.795781135378457238e-01
-9.264248262962024305e-02
-1.923604557923095648e-01
-8.542653067539290879e-03
-1.279892140236225107e-01
-1.844841883583869524e-01
-2.457605862909472555e-02
-1.196132444331818034e-01
-1.500044010401958283e-01
-1.914119111865761058e-01
-1.244598301869736384e-01
-1.613330725873178551e-01
-3.547308172427990347e-02
-1.700665258870957819e-01
-2.060614683681960269e-01
-1.709969585699728511e-01
