8.915175152483446608e-01
-1.515682788108023982e-01
-1.160838102064138677e-01
-1.342488986462622991e-01
-1.250268283548200410e-01
-1.141312353611521058e-01
-8.285263124082292707e-02
-1.428003092742724522e-01
-5.967973223080225847e-02
-4.312116972400741044e-02
-9.216314243777262716e-02
-5.172529303650130750e-02
-5.077894624999614720e-02
-1.248880215030793162e-01
-1.083818453573919538e-01
-1.066005090582452935e-01
-1.421450599674778659e-01
-3.789776271036079947e-02
-1.073909985428629088e-01
-6.132268573261429739e-02
