4.679739559697916884e-01
-8.253282167389793811e-01
5.415376134849174405e-02
1.220686974421631849e-01
3.587019608881111214e-03
1.902793887282087926e-02
2.585342002179575466e-02
1.052458749188475290e-01
7.595582246159035544e-02
1.561020955388016558e-02
8.533797161799944186e-02
9.322736453471171247e-02
1.022701208868139200e-01
4.138982497743234901e-02
2.462313203772769146e-02
8.682218318006902635e-02
3.278706339449449086e-02
1.250099316536326666e-01
2.200122676194962712e-02
1.019323371593697791e-01
