3.400569280810563089e-01
7.683227237852713332e-01
-9.216721409651962293e-02
-2.123018600694578650e-01
-6.105773100037644070e-03
-3.238467831670509972e-02
-4.400133384853548851e-02
-1.791236468746217891e-01
-1.292733224097592226e-01
-2.656821734509639404e-02
-1.452413095039184754e-01
-1.606364985235351206e-01
-1.740590501402536350e-01
-7.044358174775652848e-02
-4.190744020103341627e-02
-1.470743249698164556e-01
-5.580207651900606636e-02
-2.127611639944272659e-01
-6.266332608198435516e-02
-1.734841577450756678e-01
