5.667512860533288066e-01
5.189858717996419513e-01
-1.835039479271454166e-01
-1.708051847456182326e-01
-1.802522591374830785e-01
-9.299026733886922580e-02
-1.894625014260435392e-01
-8.574722484331144534e-03
-1.285200408840070641e-01
-1.851767516186545448e-01
-2.466831838693276518e-02
-1.200622787882285047e-01
-1.493932769833085650e-01
-1.921304815431925661e-01
-1.249270588775928670e-01
-1.619378225659758030e-01
-3.560620204306576969e-02
-1.707049644908526231e-01
-2.068350338624452278e-01
-1.714869564771858701e-01
