3.402192824928472192e-01
7.686190952790713515e-01
-9.202760504122638185e-02
-2.115624280609220143e-01
-6.096392262579165833e-03
-3.233562397971850855e-02
-4.393468330974191483e-02
-1.788523212912665472e-01
-1.290775070597085794e-01
-2.652810063291887246e-02
-1.450213068202079181e-01
-1.609349404456391353e-01
-1.737953960993629532e-01
-7.033687810340340241e-02
-4.184396136230938285e-02
-1.466311974459044432e-01
-5.571755093442732482e-02
-2.124388863502224278e-01
-6.562414259617226076e-02
-1.732213745161476082e-01
