5.665378658443983584e-01
5.188393484532596300e-01
-1.837108199920244878e-01
-1.709977409366948420e-01
-1.804554654306887440e-01
-9.309509935384953361e-02
-1.885831050330449843e-01
-8.584389138428568516e-03
-1.286750935096285242e-01
-1.853855095086490989e-01
-2.469612806397541646e-02
-1.201976302714394540e-01
-1.492071624094142013e-01
-1.923470786817016998e-01
-1.250678946411892811e-01
-1.621202691938379570e-01
-3.564633796629856216e-02
-1.708974076992316737e-01
-2.070682080858217700e-01
-1.716424554175125516e-01
