4.982597161153080045e-01
4.232554855323709120e-01
3.195351259922674797e-02
1.173751751875739407e-02
2.437938550395790660e-02
4.396690216732682122e-03
-5.875773674629618526e-01
-1.040003879547788113e-01
2.727090387210479028e-01
2.528578753495124357e-02
-3.029917160325097322e-02
1.269691730930612439e-02
-1.786421587376353648e-01
7.133406127612890169e-02
1.045106919209134143e-02
-2.569728752534379823e-01
-1.480411358647371889e-01
1.805964720199708384e-02
4.692744855596449327e-02
-1.052478741505582793e-01
