8.922499448730404348e-01
-1.515387961035598030e-01
-1.164063326235375284e-01
-1.333662732897417935e-01
-1.242048336312742279e-01
-1.133809302367892735e-01
-8.230791274633655896e-02
-1.418614619701479285e-01
-5.928736504336055285e-02
-3.809844951933853002e-02
-9.155721155248890131e-02
-5.138522272866821727e-02
-5.044509768194307964e-02
-1.240669393716645197e-01
-1.132019928238743589e-01
-1.058996590316853698e-01
-1.412105206305303007e-01
-3.764860209908803268e-02
-1.066849514062592902e-01
-6.092447750492224756e-02
