4.674883641687981872e-01
-8.265893751504874709e-01
5.347210787442245594e-02
1.216192180713875498e-01
3.542190491556932927e-03
1.878842734752237190e-02
2.552799370499965470e-02
1.039211071548940962e-01
7.499973914564783684e-02
1.541402807934371018e-02
8.426379180878725006e-02
9.346328610716815588e-02
1.009828100114856936e-01
4.086883633129247129e-02
2.431319180551431980e-02
8.517206349587834457e-02
3.237436080930323340e-02
1.234363865835151619e-01
3.018048539782105036e-02
1.006492780895745648e-01
