3.405006944791528767e-01
7.691280923843966111e-01
-9.177334429449231223e-02
-2.104579585719913160e-01
-6.079469292988848132e-03
-3.224628466963690848e-02
-4.381329724037123785e-02
-1.783581745569812194e-01
-1.287208819506647228e-01
-2.645488319216010228e-02
-1.446206309740706575e-01
-1.611644377709353648e-01
-1.733152210208608324e-01
-7.014254605132999587e-02
-4.172835169707164032e-02
-1.459948667036195524e-01
-5.556361026629483973e-02
-2.118519441111322565e-01
-7.069490851738165216e-02
-1.727427853879351105e-01
