5.662718844576695165e-01
5.186565030435620338e-01
-1.839673074619651016e-01
-1.712364790683972571e-01
-1.807074079442940462e-01
-9.322507387847568661e-02
-1.874876988204183803e-01
-8.596374212726213757e-03
-1.288636735297863101e-01
-1.856443350927904912e-01
-2.473060750981856751e-02
-1.203654439368649492e-01
-1.489747569440686148e-01
-1.926156236468055671e-01
-1.252425079158386301e-01
-1.623465451675842053e-01
-3.569610331582564328e-02
-1.711360057508984345e-01
-2.073573059233872473e-01
-1.718424216504805813e-01
