3.406211431343829643e-01
7.693442926191961240e-01
-9.166019469183830926e-02
-2.100406711788075920e-01
-6.071963789302969872e-03
-3.220652743375327504e-02
-4.375927875076630197e-02
-1.781382723856060613e-01
-1.285621788157364775e-01
-2.642227591819044930e-02
-1.444423246482976486e-01
-1.611703412224129717e-01
-1.731015364306842663e-01
-7.005606558459065436e-02
-4.167690378796620049e-02
-1.457570393861476743e-01
-5.549510452733810023e-02
-2.115907466491387390e-01
-7.286207004154528211e-02
-1.725298065677013659e-01
