5.661912575180175766e-01
5.186010255708914940e-01
-1.840447656836920742e-01
-1.713085770587761403e-01
-1.807834936068248577e-01
-9.326432568110633314e-02
-1.871554584411451450e-01
-8.599993659288667283e-03
-1.289197372267989750e-01
-1.857224994159431264e-01
-2.474102016900011844e-02
-1.204161230133451860e-01
-1.489041069125696393e-01
-1.926967231850848228e-01
-1.252952404479478477e-01
-1.624148915981895869e-01
-3.571113271441345161e-02
-1.712080614376495502e-01
-2.074446123497328542e-01
-1.719048782116073260e-01
