7.094764386674693446e-01
-6.853029994374051359e-01
-4.713623717914967870e-02
-4.387433507858030241e-02
-4.630098335625552203e-02
-2.388619616171795690e-02
-4.856775095647195006e-02
-2.202569246412345964e-03
-3.302034131838907371e-02
-4.756592641716232001e-02
-6.336494224154947882e-03
-3.084012149688448653e-02
-3.834217992641253403e-02
-4.935211503546275275e-02
-3.208972637300252367e-02
-4.159654193714482778e-02
-9.146081513335803034e-03
-4.384859173217201672e-02
-5.312923957891289850e-02
-4.403661341489291392e-02
