4.671703329206591815e-01
-8.273639196230936355e-01
5.304086089430314760e-02
1.210515277682452651e-01
3.513647506560574254e-03
1.863690064352295159e-02
2.532211310231330392e-02
1.030829942808419580e-01
7.439487408358846920e-02
1.528973904454618109e-02
8.358421312968278283e-02
9.324519261931794867e-02
1.001683941969732233e-01
4.053923343526353446e-02
2.411710845335268694e-02
8.433812193465570206e-02
3.211326497106275352e-02
1.224408850193533793e-01
3.626853990767753277e-02
9.983755217517299718e-02
