8.926697387308203391e-01
-1.515170338561752095e-01
-1.164181880572160432e-01
-1.328290332870019352e-01
-1.237044986922706258e-01
-1.129242017178841845e-01
-8.197635137871936428e-02
-1.412900007488197274e-01
-5.904853746068599446e-02
-3.486146635502795216e-02
-9.118839118923760534e-02
-5.117822738588793940e-02
-5.024188944792298828e-02
-1.235671599127815684e-01
-1.163457662848487728e-01
-1.054730629170815004e-01
-1.406416815993852820e-01
-3.749694205105231354e-02
-1.062551918945408153e-01
-6.068002518643748205e-02
