8.908049758519235306e-01
1.385642228407093501e-01
-1.186943946996495136e-01
-1.353911276353733095e-01
-1.260905929754278232e-01
-1.151023585488571976e-01
-8.355756552571198814e-02
-1.440152958400895133e-01
-6.018750475090743624e-02
-3.525389183211580235e-02
-9.294729325995540470e-02
-5.216538692397417604e-02
-5.121098827984882362e-02
-1.259506051146195016e-01
-1.189168075817141207e-01
-1.075074971948484226e-01
-1.433544714816086529e-01
-3.822020789837176497e-02
-1.083047123939208239e-01
-6.185049088505196330e-02
