2.786805725165116820e-01
6.112178397413819964e-01
1.948947499521307830e-02
-2.605624447822478817e-01
-1.620347834497624928e-01
-1.829499196859993640e-02
-1.314304212498176860e-02
-5.364249872468493385e-02
-4.874957948033443317e-02
1.462512466095151065e-01
-4.324484424759430373e-02
2.077969027945362201e-01
-5.241737597460238013e-02
-2.101863130098830662e-02
-2.246475885979342876e-02
-6.021098157450426314e-01
-2.542431905565239667e-02
-6.583220711025493388e-02
9.017947209148241550e-02
-5.175459555732646322e-02
