3.409137192668228455e-01
7.698655374244014471e-01
-9.137513977146015376e-02
-2.091316625694716602e-01
-6.053073789818893408e-03
-3.210636804364874752e-02
-4.362319134798417486e-02
-1.775842784552416342e-01
-1.281623620566282873e-01
-2.634011151442701426e-02
-1.439931220705962245e-01
-1.610007754116139500e-01
-1.725632062940150591e-01
-6.983819755095962978e-02
-4.154729238314052581e-02
-1.452279465127664371e-01
-5.532251976685194361e-02
-2.109327185466141619e-01
-7.816970387262606179e-02
-1.719932544592439050e-01
