8.908551770369124156e-01
1.385676961720076206e-01
-1.186787707493143079e-01
-1.353246701437674782e-01
-1.260287007032084017e-01
-1.150458599679171495e-01
-8.351655082771210215e-02
-1.439446051272967320e-01
-6.015796137784249625e-02
-3.483623580563662697e-02
-9.290166956162268508e-02
-5.213978125228056759e-02
-5.118585108005863776e-02
-1.258887815562238499e-01
-1.193258192100112164e-01
-1.074547265390445178e-01
-1.432841051381452402e-01
-3.820144729573116821e-02
-1.082515504205812107e-01
-6.182016675723678995e-02
