3.409918243778293778e-01
7.700037532196400969e-01
-9.129660849160703417e-02
-2.089088574861165115e-01
-6.047871229190762525e-03
-3.207877460650738338e-02
-4.358569991367649415e-02
-1.774316557537828909e-01
-1.280522144349324487e-01
-2.631747412423419280e-02
-1.438693688900046508e-01
-1.609182468586882464e-01
-1.724148988934609550e-01
-6.977817594055607531e-02
-4.151158505557191181e-02
-1.450934182786689230e-01
-5.527497348352231749e-02
-2.107514349239272000e-01
-7.960452492690403559e-02
-1.718454368970329382e-01
