4.669499048008795561e-01
-8.278655270092061258e-01
5.275236886202820663e-02
1.205496374653444031e-01
3.494538439606454695e-03
1.853553356080136702e-02
2.518438479745058536e-02
1.025223204537758781e-01
7.399023645099406243e-02
1.520657912683356060e-02
8.312959419874593747e-02
9.294095734144322551e-02
9.962357303304321399e-02
4.031873841263595992e-02
2.398593423214885265e-02
8.384071236618771683e-02
3.193859923403672557e-02
1.217749226065219931e-01
4.077459977228975463e-02
9.929453047839861823e-02
