7.093465246905462651e-01
-6.853930058832105043e-01
-4.726067595492944307e-02
-4.399016249442975340e-02
-4.642321707772022188e-02
-2.394925526839001423e-02
-4.803256061589878528e-02
-2.208383987636950048e-03
-3.310594372162901922e-02
-4.769149956441388893e-02
-6.353222449208275127e-03
-3.092153883508621040e-02
-3.822821258248246951e-02
-4.948240368693494068e-02
-3.217444264447296559e-02
-4.170635994865270341e-02
-9.170226925830780168e-03
-4.396435118607326664e-02
-5.326949976782405227e-02
-4.414113209864291981e-02
