4.668913897717408279e-01
-8.279928309841678713e-01
5.267751436350075894e-02
1.204049777965122553e-01
3.489579850578395509e-03
1.850923202971560197e-02
2.514864868672826367e-02
1.023768434439258634e-01
7.388524586641360969e-02
1.518500139586576383e-02
8.301163505833095146e-02
9.284330210055126431e-02
9.948220928462946089e-02
4.026152697341731090e-02
2.395189869749545300e-02
8.371677823657283635e-02
3.189327903551995858e-02
1.216021265603818985e-01
4.199717620719259359e-02
9.915363363442823708e-02
