3.411245792685515532e-01
7.702377579421216813e-01
-9.116073145632089259e-02
-2.085443361743146151e-01
-6.038869971874152864e-03
-3.203103166334866220e-02
-4.352083117666776663e-02
-1.771675836513063318e-01
-1.278616339133848145e-01
-2.627830592702767518e-02
-1.436552476467385930e-01
-1.607482489541043336e-01
-1.721582932463138760e-01
-6.967432485744851078e-02
-4.144980323036041858e-02
-1.448672806394109003e-01
-5.519270756315925591e-02
-2.104377728872185438e-01
-8.206727668467478365e-02
-1.715896787820020142e-01
