5.660114399545386199e-01
5.184772111518171078e-01
-1.842170295998336038e-01
-1.714689200396979363e-01
-1.809527050074684340e-01
-9.335162008428291025e-02
-1.864127480434923656e-01
-8.608043160582333139e-03
-1.290426537893969161e-01
-1.858963336727671722e-01
-2.476417749708576324e-02
-1.205288312060492500e-01
-1.487457445884007301e-01
-1.928770852401708591e-01
-1.254125154419596100e-01
-1.625669039923283155e-01
-3.574455783147605092e-02
-1.713683103370337579e-01
-2.076387782700352957e-01
-1.720493971531511235e-01
