3.411808426161246355e-01
7.703365759464207985e-01
-9.110221599944363924e-02
-2.083942152730966502e-01
-6.034993638081919548e-03
-3.201047116079307198e-02
-4.349289544952560788e-02
-1.770538609777841388e-01
-1.277795603954767212e-01
-2.626143808331061341e-02
-1.435630363150085520e-01
-1.606661446944221416e-01
-1.720477860024180738e-01
-6.962960137962403984e-02
-4.142319688204782607e-02
-1.447717431670397792e-01
-5.515727973751724522e-02
-2.103026943042770325e-01
-8.312136236874489992e-02
-1.714795365278845019e-01
