-3.171554707264632733e-01
-9.447723555542449914e-01
5.353581425119499334e-04
3.145003661640085116e-03
1.000786851137670797e-02
6.361816968366944963e-03
9.214370816114116763e-03
4.161690673954847666e-03
6.798460806040140109e-03
2.960759391142697098e-03
1.059805556364486027e-02
8.627335470952840826e-03
7.215478092483651809e-03
8.826566638667616288e-03
4.013521701947706053e-04
3.190846330701694981e-03
4.785214810297620108e-03
1.055878978981718806e-02
3.557727548196317011e-03
7.768834447475000959e-02
