-2.956167487815902217e-01
-6.037553210473234344e-01
-1.327394677569991750e-02
-7.815772849118877985e-02
-2.777662683664884891e-01
-1.010364416686159728e-01
1.165081854813983658e-01
-1.125664353172456944e-01
-1.687591651921410696e-01
-7.349610624963147376e-02
-2.150383302958021881e-01
-2.135981436513696152e-01
-1.790794422262301233e-01
-2.674820817838246545e-01
-3.196576750266915540e-02
-7.913948842439526288e-02
-9.042368760493846302e-02
-1.400837854896399004e-01
-1.305838860168759274e-01
3.830111941490602634e-01
