7.093163323093251149e-01
-6.854138424896623061e-01
-4.728954577264753850e-02
-4.401703447513985457e-02
-4.645157532245209470e-02
-2.396388499215322890e-02
-4.790754353508348828e-02
-2.209733008612422590e-03
-3.312602360633710302e-02
-4.772063255651160657e-02
-6.357103400344168639e-03
-3.094042767177114170e-02
-3.820149550656799092e-02
-4.951263067683366742e-02
-3.219409683425249191e-02
-4.173183695719149405e-02
-9.175828680793302397e-03
-4.399120739959944126e-02
-5.330204015615239155e-02
-4.416635451101492971e-02
