5.659972337593192071e-01
5.184674243067723953e-01
-1.842306103252410177e-01
-1.714815609574460165e-01
-1.809660450825080480e-01
-9.335850209036805625e-02
-1.863538019640403609e-01
-8.608677757018453475e-03
-1.290522172371643406e-01
-1.859100381987132122e-01
-2.476600314531849506e-02
-1.205377167524281368e-01
-1.487331322723312865e-01
-1.928913043964439189e-01
-1.254217610200615562e-01
-1.625788886124873989e-01
-3.574719296778514077e-02
-1.713809438377002226e-01
-2.076540856780297872e-01
-1.720613677891969784e-01
