7.093112682574793659e-01
-6.854173343152520914e-01
-4.729438613224937887e-02
-4.402153987420814180e-02
-4.645632991091255826e-02
-2.396633783493113193e-02
-4.788652580759585747e-02
-2.209959187616914681e-03
-3.312940067771693448e-02
-4.772551704034892067e-02
-6.357754086790412713e-03
-3.094359460420238045e-02
-3.819699753655721175e-02
-4.951769858208402569e-02
-3.219739208700211908e-02
-4.173610845863904434e-02
-9.176767880103664163e-03
-4.399571015511662131e-02
-5.330749592946656956e-02
-4.417065253974578748e-02
