8.910024434237368007e-01
1.385777146394328585e-01
-1.186004678813995933e-01
-1.351267995621467932e-01
-1.258444226090216223e-01
-1.148776409300220624e-01
-8.339443363747123250e-02
-1.437341305500510480e-01
-6.006999891841049294e-02
-3.355989659515604129e-02
-9.276582953059750447e-02
-5.206354290762862241e-02
-5.111100756398853640e-02
-1.257047080506236703e-01
-1.205819139646791133e-01
-1.072976071518930985e-01
-1.430745963383656116e-01
-3.814558946443118853e-02
-1.080932659243278859e-01
-6.172981805424127694e-02
