7.093076120010106678e-01
-6.854198548800842783e-01
-4.729788054844723949e-02
-4.402479247128301271e-02
-4.645976240607763152e-02
-2.396810862351687541e-02
-4.787133772533760934e-02
-2.210122473744788318e-03
-3.313184086051627203e-02
-4.772904331129636246e-02
-6.358223838925491228e-03
-3.094588091780210715e-02
-3.819374553860044319e-02
-4.952135727103543217e-02
-3.219977103929728274e-02
-4.173919219557994942e-02
-9.177445919260965312e-03
-4.399896084372419136e-02
-5.331143463324260201e-02
-4.417377366686685985e-02
