8.910130026985807472e-01
1.385784223501632384e-01
-1.185922439138369089e-01
-1.351124301823523055e-01
-1.258310403169126679e-01
-1.148654248452787158e-01
-8.338556547591063906e-02
-1.437188458669386160e-01
-6.006361107653526016e-02
-3.346455329698524994e-02
-9.275596481507998592e-02
-5.205800647204434500e-02
-5.110557242098399955e-02
-1.256913406157566804e-01
-1.206762317088877073e-01
-1.072861971275811122e-01
-1.430593817901014142e-01
-3.814153306359675116e-02
-1.080817712896860044e-01
-6.172325434090536467e-02
