3.156916492241467198e-01
9.458004548372798137e-01
-8.012264609311952734e-04
-4.706868082006035112e-03
-1.524992997766977387e-02
-9.496324884294674376e-03
-1.369267766680867283e-02
-6.228459840785544044e-03
-1.017469663549835056e-02
-4.431124849438732721e-03
-1.586123686467148450e-02
-1.291182279254006297e-02
-1.079881207903399948e-02
-1.322369752734861223e-02
-6.006707536619715695e-04
-4.775477030997701128e-03
-7.161637085148812691e-03
-1.576794319146528761e-02
-5.324557947471283449e-03
-6.359319273537293593e-02
