8.910214970950772750e-01
1.385789905467051941e-01
-1.185852516145327051e-01
-1.351008516026039330e-01
-1.258202571141150972e-01
-1.148555813506975803e-01
-8.337841967579129321e-02
-1.437065297527516383e-01
-6.005846387201908831e-02
-3.338734004621046747e-02
-9.274801601026388953e-02
-5.205354531492752818e-02
-5.110119288354942474e-02
-1.256805693846491101e-01
-1.207526834481894296e-01
-1.072770031415973130e-01
-1.430471221892743727e-01
-3.813826449103311506e-02
-1.080725091262675075e-01
-6.171796526823363632e-02
