3.413865130548667803e-01
7.706959283097565283e-01
-9.088342249548884977e-02
-2.078597568680476126e-01
-6.020499819612479785e-03
-3.193359396223428848e-02
-4.338844175552736965e-02
-1.766286437181688873e-01
-1.274726816061289292e-01
-2.619836793208455555e-02
-1.432182515102785325e-01
-1.603243327767880366e-01
-1.716345914655533489e-01
-6.946237707780290871e-02
-4.132371383115351210e-02
-1.444200154299157268e-01
-5.502481254810779460e-02
-2.097976257626031904e-01
-8.703532010392008023e-02
-1.710677067140651819e-01
