8.910283360744634118e-01
1.385794472728431870e-01
-1.185793489010441432e-01
-1.350915168792637400e-01
-1.258115636286424033e-01
-1.148476454638391459e-01
-8.337265868708554351e-02
-1.436966004245385509e-01
-6.005431416357658730e-02
-3.332480805618096703e-02
-9.274160763415419118e-02
-5.204994870218506570e-02
-5.109766207310473263e-02
-1.256718855508277000e-01
-1.208146487493282489e-01
-1.072695908926498271e-01
-1.430372384224852245e-01
-3.813562934740909183e-02
-1.080650419122462097e-01
-6.171370109791193825e-02
