6.972268554383588279e-01
-4.900161770057639976e-01
6.688839019020820231e-02
6.298245888812101234e-02
6.577637485292400776e-02
3.402090175552748702e-02
-4.321540673495394280e-01
2.058976165830101596e-02
-9.611776827242783650e-02
6.757334578512899648e-02
3.414592820748748626e-03
4.385072047990423716e-02
-1.080885327994825784e-01
7.761942461227810952e-02
4.535343201187042039e-02
1.608564858925044805e-01
-3.086827484726998791e-02
6.247671823678678515e-02
7.615164701750354315e-02
-2.487451560165263725e-02
