3.414159784387436614e-01
7.707471613322403048e-01
-9.085142649392605185e-02
-2.077842636098473361e-01
-6.018380269877613570e-03
-3.192235156736990265e-02
-4.337316661940134044e-02
-1.765664606466552378e-01
-1.274278041575482023e-01
-2.618914465476584325e-02
-1.431678307484573198e-01
-1.602708913786602962e-01
-1.715741665772076430e-01
-6.943792247140151419e-02
-4.130916559368602581e-02
-1.443689963213970195e-01
-5.500544076456421322e-02
-2.097237653711538641e-01
-8.760459535365347494e-02
-1.710074814005692612e-01
