5.659847949645552267e-01
5.184588544326672599e-01
-1.842424979907926474e-01
-1.714926259777558026e-01
-1.809777220987017210e-01
-9.336452614167689568e-02
-1.863020778864100668e-01
-8.609233240615004473e-03
-1.290605664097460858e-01
-1.859220342310386187e-01
-2.476760119659738787e-02
-1.205454945699177549e-01
-1.487220512251995197e-01
-1.929037509019971286e-01
-1.254298539854231120e-01
-1.625893791726704951e-01
-3.574949959135625271e-02
-1.713920023655891023e-01
-2.076674847669032486e-01
-1.720720286561726875e-01
