3.147203804715247299e-01
9.462460048752139308e-01
-9.658518373381439100e-04
-5.673972848862501341e-03
-1.833886522243249190e-02
-1.145114222590410714e-02
-1.648397814971216610e-02
-7.508201082212127668e-03
-1.226525822466342265e-02
-5.341573557532106921e-03
-1.912019321856517004e-02
-1.556477272738283728e-02
-1.301760862401172940e-02
-1.594382481474803520e-02
-7.240886058412172649e-04
-5.756678653866025008e-03
-8.633115198168622370e-03
-1.899992528287504368e-02
-6.418577427659837194e-03
-5.495498214230465361e-02
