-3.145770550814130928e-01
-9.462965980516454545e-01
9.893901543629602790e-04
5.812250550000185728e-03
1.871833744402262578e-02
1.173332017777260414e-02
1.688394683719300626e-02
7.691179889653012962e-03
1.256416901545202337e-02
5.471750513197565224e-03
1.958616237777503766e-02
1.594409442115945694e-02
1.333485458954350097e-02
1.633263023727049915e-02
7.417350258193024107e-04
5.896971938950137243e-03
8.843508753981791856e-03
1.946234346110373159e-02
6.575001533821733801e-03
5.377030688987001483e-02
