3.414662909069569596e-01
7.708344923200896037e-01
-9.079640212635294028e-02
-2.076555374243285457e-01
-6.014735224462220732e-03
-3.190301772447687312e-02
-4.334689756502346780e-02
-1.764595227789008403e-01
-1.273506272258742578e-01
-2.617328314140998993e-02
-1.430811208348350405e-01
-1.601775585658749834e-01
-1.714702523034077886e-01
-6.939586723994255191e-02
-4.128414660609844300e-02
-1.442813749748152186e-01
-5.497212659760005588e-02
-2.095967457083930119e-01
-8.858196902790958782e-02
-1.709039103409011606e-01
