4.665452113319372152e-01
-8.286898392037225225e-01
5.225124961832608439e-02
1.194965142015830400e-01
3.461342346607265523e-03
1.835945592182991817e-02
2.494514663365360665e-02
1.015484133327232003e-01
7.328736884275957597e-02
1.506212491602561786e-02
8.233990758804461685e-02
9.217739451408976659e-02
9.867720245957049829e-02
3.993573199727071948e-02
2.375808070668830943e-02
8.303065503444077844e-02
3.163519965145997898e-02
1.206181260790223919e-01
4.927670825168863067e-02
9.835128563292039328e-02
