7.092994581605366333e-01
-6.854254743698463548e-01
-4.730567245663577780e-02
-4.403204516711162891e-02
-4.646741624170264151e-02
-2.397205715777851048e-02
-4.783740657746655273e-02
-2.210486571907354595e-03
-3.313728953657038567e-02
-4.773690624974299274e-02
-6.359271300160981681e-03
-3.095097897843674187e-02
-3.818647325491726641e-02
-4.952951547738110999e-02
-3.220507566725777648e-02
-4.174606836067015769e-02
-9.178957822433775338e-03
-4.400620928402026316e-02
-5.332021722136796871e-02
-4.418081500923481258e-02
