8.910447641701649824e-01
1.385805416317288374e-01
-1.185639644961739569e-01
-1.350690466067913931e-01
-1.257906369251734213e-01
-1.148285424295129448e-01
-8.335879100389773089e-02
-1.436726988366411328e-01
-6.004432510702020082e-02
-3.317302745969374217e-02
-9.272618157897913327e-02
-5.204129104138943002e-02
-5.108916280967205209e-02
-1.256509820805308542e-01
-1.209652754252886764e-01
-1.072517483441979280e-01
-1.430134465087123385e-01
-3.812928610689973741e-02
-1.080470670534793426e-01
-6.170343626136257781e-02
