3.139768341876861824e-01
9.464834885844719548e-01
-1.086720226859607275e-03
-6.384023742714475813e-03
-2.061301722445607262e-02
-1.288539813741543943e-02
-1.853928463298879295e-02
-8.447790507765905871e-03
-1.380015410762371920e-02
-6.010027422245631940e-03
-2.151292766214763300e-02
-1.751257563058084693e-02
-1.464665495283717749e-02
-1.794011849615996870e-02
-8.147023213982755542e-04
-6.477079496921805089e-03
-9.713478345203349629e-03
-2.137494926631108849e-02
-7.221809441835068573e-03
-4.859189398697549844e-02
