8.910470992228305409e-01
1.385806968586668353e-01
-1.185616071513649061e-01
-1.350658472167697022e-01
-1.257876573134954490e-01
-1.148258224777398417e-01
-8.335681647834314312e-02
-1.436692956513029862e-01
-6.004290283286166374e-02
-3.315123746501459634e-02
-9.272398516738411534e-02
-5.204005833566257427e-02
-5.108795265707366529e-02
-1.256480057768670222e-01
-1.209869310882567828e-01
-1.072492078644797509e-01
-1.430100589391305188e-01
-3.812838293581376214e-02
-1.080445077349908717e-01
-6.170197469901386039e-02
