5.868430733831889734e-01
5.160210891286559631e-01
-6.945180400467700077e-02
-6.490075203789127944e-02
-6.823652157185017275e-02
-3.522092932776579866e-02
-5.170701347536532655e-01
-1.242747217543459064e-02
6.414908112171423260e-02
-7.010074153106020389e-02
-1.227639417229340127e-02
-4.545901551351775455e-02
-2.010118572041183771e-01
-6.878491702410731434e-02
-4.736638620285039958e-02
-1.308668876013287519e-01
-4.115562124441604630e-02
-6.468042896361707317e-02
-7.808679952455298279e-02
-1.384228624795677265e-01
