3.137713598666636572e-01
9.465345983878742375e-01
-1.119398524805753723e-03
-6.575994983152838591e-03
-2.122876267634667830e-02
-1.327306176070584300e-02
-1.909560384119227128e-02
-8.701820393633924802e-03
-1.421513262415953494e-02
-6.190752379704277455e-03
-2.215983368473187567e-02
-1.803918878281260060e-02
-1.508708823330196305e-02
-1.847975184428179637e-02
-8.392008855531027595e-04
-6.671848977041762788e-03
-1.000556818729203198e-02
-2.201729358533333070e-02
-7.438973376781377565e-03
-4.686871586863484984e-02
