5.659823510863469798e-01
5.184571706222576015e-01
-1.842448332047437187e-01
-1.714947995912111944e-01
-1.809800159326764579e-01
-9.336570950678731162e-02
-1.862918895189825119e-01
-8.609342359856169899e-03
-1.290622034465206680e-01
-1.859243907325672240e-01
-2.476791511791565786e-02
-1.205470224449939620e-01
-1.487198654830557687e-01
-1.929061958945217925e-01
-1.254314437681719463e-01
-1.625914399402741961e-01
-3.574995270467738739e-02
-1.713941747036728247e-01
-2.076701168849700019e-01
-1.720741622033397922e-01
