3.415399936043148621e-01
7.709620745725120905e-01
-9.071488779078752673e-02
-2.074668212099499975e-01
-6.009335372314890053e-03
-3.187437613481648724e-02
-4.330798199710352708e-02
-1.763011026166845518e-01
-1.272362955836610632e-01
-2.614978553871468922e-02
-1.429526668187764138e-01
-1.600367239238180972e-01
-1.713163113612734267e-01
-6.933356567427942374e-02
-4.124708291523437181e-02
-1.441517372063915448e-01
-5.492277424145730613e-02
-2.094085759234348698e-01
-9.002628406435121688e-02
-1.707504778438999893e-01
