8.910505091005979095e-01
1.385809233889928604e-01
-1.185580651559427212e-01
-1.350611726247939182e-01
-1.257833038371308221e-01
-1.148218483874764717e-01
-8.335393152175740727e-02
-1.436643232963335237e-01
-6.004082476444121130e-02
-3.311929507809641821e-02
-9.272077601565587024e-02
-5.203825724349805948e-02
-5.108618451702588714e-02
-1.256436571338038488e-01
-1.210186948311350180e-01
-1.072454959987725609e-01
-1.430051094001630607e-01
-3.812706332292423866e-02
-1.080407683441730327e-01
-6.169983922049571828e-02
