3.134142835976967967e-01
9.466092840060610358e-01
-1.175483529733864149e-03
-6.905470771144743905e-03
-2.228643706778521416e-02
-1.393831800378830463e-02
-2.005089845323040215e-02
-9.137805995585031663e-03
-1.492735062839361214e-02
-6.500926433028740223e-03
-2.327010348919222871e-02
-1.894300272339173238e-02
-1.584299365855022790e-02
-1.940584237291995487e-02
-8.812472030699913111e-04
-7.006127318905690064e-03
-1.050687520946288339e-02
-2.311990981561830999e-02
-7.811686802117774955e-03
-4.390857967674609980e-02
