-3.133337588201082768e-01
-9.466234458565946364e-01
1.187997852815885066e-03
6.978987149790324106e-03
2.250477790685073004e-02
1.408714578915711176e-02
2.026413239677794798e-02
9.235088053220907520e-03
1.508626879593665329e-02
6.570135989485726379e-03
2.351783949385219744e-02
1.914467195160950153e-02
1.601165985949172185e-02
1.961247130193978158e-02
8.906290548232368657e-04
7.080715297898821509e-03
1.061873252402982006e-02
2.336596554681388827e-02
7.894850853322640111e-03
4.326290743966814539e-02
