8.929468153116687512e-01
-1.515000361815187768e-01
-1.162727218159667897e-01
-1.324574568116819728e-01
-1.233584472268892812e-01
-1.126083072451398159e-01
-8.174703040154300548e-02
-1.408947555288015963e-01
-5.888335484297272521e-02
-3.246602919114983249e-02
-9.093330041460617741e-02
-5.103506120544726993e-02
-5.010134258300792676e-02
-1.232214926394579052e-01
-1.187029574868156551e-01
-1.051780121439361421e-01
-1.402482499899800894e-01
-3.739204795357599365e-02
-1.059579531906279515e-01
-6.051038674073382778e-02
