4.664547370817312966e-01
-8.288558749755062793e-01
5.214460850766083205e-02
1.192549218049407528e-01
3.454277991317594373e-03
1.832198556877587259e-02
2.489423535091583872e-02
1.013411601921151706e-01
7.313779449825656698e-02
1.503138418271918707e-02
8.217185765122200780e-02
9.199223807501835659e-02
9.847580925759941151e-02
3.985422598839003655e-02
2.370959214168091855e-02
8.286110036497550124e-02
3.157063444294168353e-02
1.203719530013374478e-01
5.114957203004265318e-02
9.815055760417734643e-02
