3.415781638736093972e-01
7.710279820014684926e-01
-9.067223718922635955e-02
-2.073687440984169628e-01
-6.006510017239207952e-03
-3.185939004653876028e-02
-4.328762027336049284e-02
-1.762182127155269562e-01
-1.271764740408116434e-01
-2.613749092962639950e-02
-1.428854560512488603e-01
-1.599621736534932170e-01
-1.712357651145134385e-01
-6.930096773631792828e-02
-4.122769014584645036e-02
-1.440839468787586120e-01
-5.489695169547995079e-02
-2.093101201798109046e-01
-9.078035403198068953e-02
-1.706701976299873635e-01
