8.910535413530439319e-01
1.385811246834778299e-01
-1.185547958149178183e-01
-1.350570131747194924e-01
-1.257794301155990280e-01
-1.148183122435459669e-01
-8.335136448853881774e-02
-1.436598988968661172e-01
-6.003897569999003259e-02
-3.309074563266004021e-02
-9.271792051372880483e-02
-5.203665463240889077e-02
-5.108461122671702909e-02
-1.256397877129417084e-01
-1.210471066033609044e-01
-1.072421931821477825e-01
-1.430007053023651942e-01
-3.812588913190179812e-02
-1.080374410357157061e-01
-6.169793906750716678e-02
