3.298379455941893301e-01
7.363983786694412448e-01
-6.086099233536369779e-02
-2.840039691992317095e-01
-4.103996176366372928e-02
-2.340984334727302593e-02
-3.168540232868009149e-02
-1.289875234687904437e-01
-9.319553991552252670e-02
1.613079888827385552e-02
-1.045883873195274372e-01
5.433614159692894824e-02
-1.253403984393452741e-01
-5.072648679018117168e-02
-3.097542230885913517e-02
-3.985297343824842908e-01
-4.027422220107387818e-02
-1.532213266634505633e-01
5.547164297530485233e-02
-1.249260984869339230e-01
