3.129921320076751723e-01
9.466753616701214513e-01
-1.240683299681036083e-03
-7.288491965629274698e-03
-2.351739470511815186e-02
-1.471158551976090023e-02
-2.116207695999898150e-02
-9.644646656184464178e-03
-1.575531614409283326e-02
-6.861509033427171632e-03
-2.456081097740139482e-02
-1.999370176632380564e-02
-1.672174654251946946e-02
-2.048234966123220480e-02
-9.301267606761796838e-04
-7.394731563761991824e-03
-1.108965312952078439e-02
-2.440194333040268324e-02
-8.244972483723841949e-03
-4.046325350467130932e-02
