8.910541924390215085e-01
1.385811678870101926e-01
-1.185540757147456603e-01
-1.350561197409976821e-01
-1.257785980552584559e-01
-1.148175526935631546e-01
-8.335081309977308839e-02
-1.436589485530436472e-01
-6.003857852812716916e-02
-3.308459398343836788e-02
-9.271730716300487229e-02
-5.203631039777104061e-02
-5.108427329006894058e-02
-1.256389565763683103e-01
-1.210532319188921263e-01
-1.072414837499640061e-01
-1.429997593192625094e-01
-3.812563692023041712e-02
-1.080367263427814556e-01
-6.169753092157144458e-02
