7.092982091613861950e-01
-6.854263349587196297e-01
-4.730686589155654043e-02
-4.403315601444991734e-02
-4.646858852896418313e-02
-2.397266192859454428e-02
-4.783219479901029692e-02
-2.210542338409123009e-03
-3.313812522162489643e-02
-4.773811056389751922e-02
-6.359431732854276854e-03
-3.095175981458652206e-02
-3.818535461665473890e-02
-4.953076501576225005e-02
-3.220588814195544242e-02
-4.174712153703705880e-02
-9.179189390620661609e-03
-4.400731947956682683e-02
-5.332156239216695459e-02
-4.418191269537827259e-02
