8.910547190980471211e-01
1.385812028292417175e-01
-1.185534876146459998e-01
-1.350553969662887932e-01
-1.257779249307101610e-01
-1.148169382288251883e-01
-8.335036703439084593e-02
-1.436581797389023807e-01
-6.003825722194570252e-02
-3.307961136948486119e-02
-9.271681097131193039e-02
-5.203603191702413366e-02
-5.108399990430288751e-02
-1.256382841991340038e-01
-1.210581942372831593e-01
-1.072409098297865959e-01
-1.429989940328791898e-01
-3.812543288470666286e-02
-1.080361481667344720e-01
-6.169720073743865940e-02
