3.416060845064208817e-01
7.710761181258802832e-01
-9.064084755265493232e-02
-2.072967539828653727e-01
-6.004430635806124600e-03
-3.184836070937945712e-02
-4.327263462052402532e-02
-1.761572080924374839e-01
-1.271324470770537340e-01
-2.612844244503399055e-02
-1.428359908270983303e-01
-1.599070580000951647e-01
-1.711764853547810550e-01
-6.927697657586212587e-02
-4.121341761601288872e-02
-1.440340626078907560e-01
-5.487794703191348905e-02
-2.092376595368750092e-01
-9.133462904569535079e-02
-1.706111136629071545e-01
