-3.127229097963358795e-01
-9.467053990617546599e-01
1.281661000436954637e-03
7.529218702908851632e-03
2.428558915970974522e-02
1.519761606680991584e-02
2.186070673213294513e-02
9.963193254397968365e-03
1.627568796696939740e-02
7.088133236378961477e-03
2.537201361292317978e-02
2.065406039950128461e-02
1.727403795009451251e-02
2.115889215997122930e-02
9.608472967500181379e-04
7.638967217831075206e-03
1.145592588224120939e-02
2.520778634001156343e-02
8.517290177744286581e-03
3.830107232868437683e-02
