3.416136183523990622e-01
7.710890959661633737e-01
-9.063234960009185215e-02
-2.072772851839401465e-01
-6.003867695717973220e-03
-3.184537479446553077e-02
-4.326857763290516828e-02
-1.761406926290628172e-01
-1.271205278868248745e-01
-2.612599279600224741e-02
-1.428225993650024117e-01
-1.598921099758022213e-01
-1.711604368546651433e-01
-6.927048157414328333e-02
-4.120955368846457301e-02
-1.440205582915524418e-01
-5.487280199848509898e-02
-2.092180426450082897e-01
-9.148458410033478982e-02
-1.705951181687145879e-01
