-3.126327431258767442e-01
-9.467134590428925023e-01
1.295285470227895436e-03
7.609256726014959095e-03
2.454437639782966127e-02
1.535916025085052108e-02
2.209302403205615564e-02
1.006910521198236229e-02
1.644870377922954402e-02
7.163482378718694088e-03
2.564172630051075180e-02
2.087361972281481098e-02
1.745766654465921372e-02
2.138382769215255511e-02
9.710614134031850080e-04
7.720171903046464494e-03
1.157770606908987109e-02
2.547572883420296322e-02
8.607831719296840656e-03
3.757901731860155414e-02
