3.125912604619197621e-01
9.467168629776391287e-01
-1.301538484415985276e-03
-7.645990551385682850e-03
-2.466766070116736126e-02
-1.543325396302687794e-02
-2.219965169461280557e-02
-1.011771400070043091e-02
-1.652811019617106414e-02
-7.198064220312563009e-03
-2.576551220103183784e-02
-2.097438750202921739e-02
-1.754194374771892925e-02
-2.148706226952927165e-02
-9.757492300544820139e-04
-7.757441173453514041e-03
-1.163359765590958085e-02
-2.559870390408268415e-02
-8.649386183626610672e-03
-3.724368054077591139e-02
