-3.125510847568267470e-01
-9.467198905651834639e-01
1.307581089749037997e-03
7.681488313330850186e-03
2.477786846090348702e-02
1.550495034150032800e-02
2.230269444512878937e-02
1.016468714310917766e-02
1.660484465159631565e-02
7.231482410989292960e-03
2.588513280641450975e-02
2.107176452721502488e-02
1.762338509126063282e-02
2.158682266331399605e-02
9.802793054781791266e-04
7.793456363143878504e-03
1.168760853617159014e-02
2.571754203059758298e-02
8.689542373940312495e-03
3.692732731844228927e-02
