5.962900352515798641e-01
5.300450455533730620e-01
-1.028436541972315849e-01
-9.575878109793992121e-02
-1.010219228387986140e-01
-5.211694645756520528e-02
-4.485437815068159528e-01
-7.255480726509945869e-03
-4.316072664389315923e-03
-1.037818421919561584e-01
-1.460919827236767735e-02
-6.728894588775638508e-02
-1.947785162649908475e-01
-1.066255675220976473e-01
-7.002214725814585872e-02
-1.221257268527874418e-01
-3.058934875500554651e-02
-9.567675077895003433e-02
-1.158997186114550521e-01
-1.462860591347490413e-01
